63.0 APEX_CODE,FINEST;APEX_PROFILING,INFO;CALLOUT,FINEST;DATA_ACCESS,INFO;DB,FINEST;NBA,INFO;SYSTEM,FINE;VALIDATION,INFO;VISUALFORCE,INFO;WAVE,INFO;WORKFLOW,INFO
20:58:03.1 (1607037)|USER_INFO|[EXTERNAL]|005bm000005k0Jt|yogeshr1@gmail.com|(GMT-08:00) Pacific Standard Time (America/Los_Angeles)|GMT-08:00
20:58:03.1 (3499340)|FLOW_CREATE_INTERVIEW_BEGIN|00Dbm000009VOqT||301bm00000nE6qv
20:58:03.1 (4636997)|FLOW_CREATE_INTERVIEW_END|11530eb16bf6ad8e61ce169d2da61953b4f2cd7-7b4f|Contact Record Completeness Clone-2
20:58:03.4 (4884456)|USER_INFO|[EXTERNAL]|005bm000005k0Jt|yogeshr1@gmail.com|(GMT-08:00) Pacific Standard Time (America/Los_Angeles)|GMT-08:00
20:58:03.4 (4900569)|EXECUTION_STARTED
20:58:03.4 (4920952)|CODE_UNIT_STARTED|[EXTERNAL]|Flow: Contact Record Completeness Clone-2
20:58:03.4 (5264304)|CODE_UNIT_FINISHED|Flow: Contact Record Completeness Clone-2
20:58:03.4 (5274371)|EXECUTION_FINISHED
20:58:03.6 (6634937)|USER_INFO|[EXTERNAL]|005bm000005k0Jt|yogeshr1@gmail.com|(GMT-08:00) Pacific Standard Time (America/Los_Angeles)|GMT-08:00
20:58:03.6 (6771179)|FLOW_START_INTERVIEW_BEGIN|11530eb16bf6ad8e61ce169d2da61953b4f2cd7-7b4f|Contact Record Completeness Clone-2
20:58:03.23 (23285077)|CODE_UNIT_STARTED|[EXTERNAL]|01pbm00000AT1Ft|RecordCompletnessAction.processFlowAction(List<RecordCompletnessAction.FlowInputWrapper>)
20:58:03.23 (23576441)|HEAP_ALLOCATE|[93]|Bytes:3
20:58:03.23 (23680268)|HEAP_ALLOCATE|[98]|Bytes:152
20:58:03.23 (23702243)|HEAP_ALLOCATE|[415]|Bytes:408
20:58:03.23 (23718922)|HEAP_ALLOCATE|[428]|Bytes:408
20:58:03.23 (23732386)|HEAP_ALLOCATE|[536]|Bytes:48
20:58:03.23 (23764746)|HEAP_ALLOCATE|[247]|Bytes:6
20:58:03.23 (23808137)|HEAP_ALLOCATE|[EXTERNAL]|Bytes:8
20:58:03.23 (23838508)|VARIABLE_SCOPE_BEGIN|[3]|this|RecordCompletnessAction.FlowInputWrapper|true|false
20:58:03.23 (23971351)|VARIABLE_ASSIGNMENT|[3]|this|{}|0x46cfd066
20:58:03.23 (23985497)|HEAP_ALLOCATE|[EXTERNAL]|Bytes:6
20:58:03.23 (24037086)|STATEMENT_EXECUTE|[3]
20:58:03.23 (24040084)|STATEMENT_EXECUTE|[5]
20:58:03.23 (24109215)|HEAP_ALLOCATE|[EXTERNAL]|Bytes:4
20:58:03.23 (24113652)|HEAP_ALLOCATE|[EXTERNAL]|Bytes:8
20:58:03.23 (24301595)|VARIABLE_ASSIGNMENT|[EXTERNAL]|this.recordId|"003bm00000BswqHAAR"|0x46cfd066
20:58:03.23 (24316934)|HEAP_ALLOCATE|[EXTERNAL]|Bytes:8
20:58:03.23 (24451956)|HEAP_ALLOCATE|[EXTERNAL]|Bytes:34
20:58:03.23 (24458641)|HEAP_ALLOCATE|[EXTERNAL]|Bytes:2
20:58:03.23 (24464881)|HEAP_ALLOCATE|[EXTERNAL]|Bytes:8
20:58:03.23 (24477316)|METHOD_ENTRY|[1]|01pbm00000AT1Ft|RecordCompletnessAction.RecordCompletnessAction()
20:58:03.23 (24483266)|STATEMENT_EXECUTE|[1]
20:58:03.23 (24488343)|STATEMENT_EXECUTE|[1]
20:58:03.23 (24489730)|STATEMENT_EXECUTE|[3]
20:58:03.23 (24491239)|STATEMENT_EXECUTE|[8]
20:58:03.23 (24496323)|METHOD_EXIT|[1]|RecordCompletnessAction
20:58:03.23 (24526942)|HEAP_ALLOCATE|[EXTERNAL]|Bytes:8
20:58:03.23 (24544129)|VARIABLE_SCOPE_BEGIN|[17]|inputs|List<RecordCompletnessAction.FlowInputWrapper>|true|false
20:58:03.23 (24830718)|VARIABLE_ASSIGNMENT|[EXTERNAL]|this|{"recordId":"003bm00000BswqHAAR"}|0x46cfd066
20:58:03.23 (24992573)|VARIABLE_ASSIGNMENT|[17]|inputs|"common.apex.runtime.impl.ScalarList@46cfd085"|0x38348147
20:58:03.23 (25002111)|STATEMENT_EXECUTE|[17]
20:58:03.23 (25005241)|STATEMENT_EXECUTE|[18]
20:58:03.23 (25016831)|HEAP_ALLOCATE|[18]|Bytes:4
20:58:03.23 (25109992)|SYSTEM_CONSTRUCTOR_ENTRY|[18]|<init>()
20:58:03.23 (25169757)|SYSTEM_CONSTRUCTOR_EXIT|[18]|<init>()
20:58:03.23 (25181165)|VARIABLE_SCOPE_BEGIN|[18]|results|List<RecordCompletnessAction.FlowOutputWrapper>|true|false
20:58:03.23 (25201296)|HEAP_ALLOCATE|[EXTERNAL]|Bytes:4
20:58:03.23 (25219468)|VARIABLE_ASSIGNMENT|[18]|results|[]|0x402ac7
20:58:03.23 (25267308)|SYSTEM_METHOD_ENTRY|[21]|List<RecordCompletnessAction.FlowInputWrapper>.iterator()
20:58:03.23 (25462612)|SYSTEM_METHOD_EXIT|[21]|List<RecordCompletnessAction.FlowInputWrapper>.iterator()
20:58:03.23 (25501171)|SYSTEM_METHOD_ENTRY|[21]|system.ListIterator.hasNext()
20:58:03.23 (25530166)|HEAP_ALLOCATE|[21]|Bytes:5
20:58:03.23 (25547596)|SYSTEM_METHOD_EXIT|[21]|system.ListIterator.hasNext()
20:58:03.23 (25566499)|HEAP_ALLOCATE|[21]|Bytes:8
20:58:03.23 (25586543)|VARIABLE_SCOPE_BEGIN|[21]|input|RecordCompletnessAction.FlowInputWrapper|true|false
20:58:03.23 (25736731)|VARIABLE_ASSIGNMENT|[21]|input|{"recordId":"003bm00000BswqHAAR"}|0x46cfd066
20:58:03.23 (25746936)|STATEMENT_EXECUTE|[21]
20:58:03.23 (25749173)|STATEMENT_EXECUTE|[22]
20:58:03.23 (25763953)|VARIABLE_SCOPE_BEGIN|[22]|recId|Id|false|false
20:58:03.23 (25815421)|VARIABLE_ASSIGNMENT|[22]|recId|"003bm00000BswqHAAR"
20:58:03.23 (25821565)|STATEMENT_EXECUTE|[23]
20:58:03.23 (25878669)|SYSTEM_METHOD_ENTRY|[23]|Id.getSobjectType(Id)
20:58:03.23 (26022921)|SYSTEM_METHOD_EXIT|[23]|Id.getSobjectType(Id)
20:58:03.23 (26055459)|SYSTEM_METHOD_ENTRY|[23]|Schema.SObjectType.getDescribe()
20:58:03.23 (26497686)|HEAP_ALLOCATE|[23]|Bytes:4
20:58:03.23 (26523904)|SYSTEM_METHOD_EXIT|[23]|Schema.SObjectType.getDescribe()
20:58:03.23 (26603467)|HEAP_ALLOCATE|[23]|Bytes:7
20:58:03.23 (26634873)|VARIABLE_SCOPE_BEGIN|[23]|sObjName|String|false|false
20:58:03.23 (26664861)|VARIABLE_ASSIGNMENT|[23]|sObjName|"Contact"
20:58:03.23 (26669806)|STATEMENT_EXECUTE|[26]
20:58:03.23 (26866011)|SYSTEM_METHOD_ENTRY|[26]|KeyFields__mdt.getInstance(String)
20:58:03.23 (31513187)|SYSTEM_METHOD_EXIT|[26]|KeyFields__mdt.getInstance(String)
20:58:03.23 (31551728)|VARIABLE_SCOPE_BEGIN|[26]|mc|KeyFields__mdt|true|false
20:58:03.23 (31636580)|VARIABLE_ASSIGNMENT|[26]|mc|{"IsProtected":false,"Field_Names__c":"Name,Email,Title,Pho (31 more) ...","Label":"Contact","MasterLabel":"Contact","SystemModstamp":"2025-02-25T04:57:40.000Z","Language":"en_US","ManageableState":"U","QualifiedApiName":"Contact","Id":"m04bm0000026DO1","DeveloperName":"Contact","Field_Weightages__c":"5,5,2,3"}|0x5867faed
20:58:03.23 (31646497)|STATEMENT_EXECUTE|[27]
20:58:03.23 (31658812)|HEAP_ALLOCATE|[27]|Bytes:5
20:58:03.23 (31722492)|SYSTEM_METHOD_ENTRY|[27]|String.valueOf(Object)
20:58:03.23 (31972327)|HEAP_ALLOCATE|[27]|Bytes:291
20:58:03.23 (31996584)|SYSTEM_METHOD_EXIT|[27]|String.valueOf(Object)
20:58:03.23 (32012359)|HEAP_ALLOCATE|[27]|Bytes:296
20:58:03.23 (32040629)|SYSTEM_METHOD_ENTRY|[27]|System.debug(ANY)
20:58:03.23 (32057305)|USER_DEBUG|[27]|DEBUG|mc-->KeyFields__mdt:{Field_Names__c=Name,Email,Title,Phone,LeadSource,Fax,AssistantName, Label=Contact, MasterLabel=Contact, SystemModstamp=2025-02-25 04:57:40, Language=en_US, QualifiedApiName=Contact, Id=m04bm0000026DO1, DeveloperName=Contact, Field_Weightages__c=5,5,2,3, NamespacePrefix=null}
20:58:03.23 (32069567)|SYSTEM_METHOD_EXIT|[27]|System.debug(ANY)
20:58:03.23 (32075314)|STATEMENT_EXECUTE|[30]
20:58:03.23 (32079607)|HEAP_ALLOCATE|[30]|Bytes:7
20:58:03.23 (32109145)|HEAP_ALLOCATE|[30]|Bytes:6
20:58:03.23 (32113739)|HEAP_ALLOCATE|[30]|Bytes:18
20:58:03.23 (32128761)|HEAP_ALLOCATE|[30]|Bytes:89
20:58:03.23 (32140436)|VARIABLE_SCOPE_BEGIN|[30]|query|String|false|false
20:58:03.23 (32160609)|VARIABLE_ASSIGNMENT|[30]|query|"SELECT Name,Email,Ti (69 more) ..."
20:58:03.23 (32164587)|STATEMENT_EXECUTE|[31]
20:58:03.23 (32208435)|HEAP_ALLOCATE|[31]|Bytes:33
20:58:03.23 (32224621)|SYSTEM_METHOD_ENTRY|[1]|Type.Type()
20:58:03.23 (32228489)|STATEMENT_EXECUTE|[1]
20:58:03.23 (32237964)|SYSTEM_METHOD_EXIT|[1]|Type
20:58:03.23 (32268831)|METHOD_ENTRY|[31]||System.Type.forName(String)
20:58:03.23 (32597398)|METHOD_EXIT|[31]||System.Type.forName(String)
20:58:03.23 (32621477)|METHOD_ENTRY|[31]||System.Type.newInstance()
20:58:03.23 (32974837)|METHOD_EXIT|[31]||System.Type.newInstance()
20:58:03.23 (33002464)|VARIABLE_SCOPE_BEGIN|[31]|obj|SObject|true|false
20:58:03.23 (33038931)|VARIABLE_ASSIGNMENT|[31]|obj|{}|0x786e0927
20:58:03.23 (33044489)|STATEMENT_EXECUTE|[32]
20:58:03.23 (33082264)|SYSTEM_METHOD_ENTRY|[32]|Database.query(String)
20:58:03.23 (33848105)|SOQL_EXECUTE_BEGIN|[32]|Aggregations:0|SELECT Name,Email,Title,Phone,LeadSource,Fax,AssistantName FROM Contact WHERE Id =: recId
20:58:03.23 (52068064)|SOQL_EXECUTE_EXPLAIN|[32]|Index on Contact : [Id], cardinality: 1, sobjectCardinality: 3, relativeCost 1
20:58:03.23 (52097595)|SOQL_EXECUTE_END|[32]|Rows:1
20:58:03.23 (52159670)|HEAP_ALLOCATE|[32]|Bytes:8
20:58:03.23 (52208234)|HEAP_ALLOCATE|[32]|Bytes:88
20:58:03.23 (52288469)|HEAP_ALLOCATE|[32]|Bytes:8
20:58:03.23 (52342681)|SYSTEM_METHOD_EXIT|[32]|Database.query(String)
20:58:03.23 (52360279)|HEAP_ALLOCATE|[32]|Bytes:33
20:58:03.23 (52467274)|HEAP_ALLOCATE|[32]|Bytes:20
20:58:03.23 (52531952)|VARIABLE_ASSIGNMENT|[32]|obj|{"Name":"Mandy","Phone":"1234567890","LeadSource":"Phone Inquiry","Id":"003bm00000BswqHAAR"}|0x1a0b8cf2
20:58:03.23 (52539544)|STATEMENT_EXECUTE|[35]
20:58:03.23 (52560073)|HEAP_ALLOCATE|[35]|Bytes:1
20:58:03.23 (52612996)|SYSTEM_METHOD_ENTRY|[35]|String.split(String)
20:58:03.23 (52697611)|HEAP_ALLOCATE|[35]|Bytes:4
20:58:03.23 (52703690)|HEAP_ALLOCATE|[35]|Bytes:5
20:58:03.23 (52707057)|HEAP_ALLOCATE|[35]|Bytes:5
20:58:03.23 (52710242)|HEAP_ALLOCATE|[35]|Bytes:5
20:58:03.23 (52713442)|HEAP_ALLOCATE|[35]|Bytes:10
20:58:03.23 (52716508)|HEAP_ALLOCATE|[35]|Bytes:3
20:58:03.23 (52719631)|HEAP_ALLOCATE|[35]|Bytes:13
20:58:03.23 (52744400)|HEAP_ALLOCATE|[35]|Bytes:32
20:58:03.23 (52760543)|SYSTEM_METHOD_EXIT|[35]|String.split(String)
20:58:03.23 (52774479)|VARIABLE_SCOPE_BEGIN|[35]|fieldNames|List<String>|true|false
20:58:03.23 (52802375)|HEAP_ALLOCATE|[EXTERNAL]|Bytes:32
20:58:03.23 (52826224)|VARIABLE_ASSIGNMENT|[35]|fieldNames|"List of size 7 too large to display"|0x761b08fb
20:58:03.23 (52831282)|STATEMENT_EXECUTE|[37]
20:58:03.23 (52843389)|VARIABLE_SCOPE_BEGIN|[37]|overallWeightage|Integer|false|false
20:58:03.23 (52850932)|HEAP_ALLOCATE|[37]|Bytes:4
20:58:03.23 (52866007)|VARIABLE_ASSIGNMENT|[37]|overallWeightage|0
20:58:03.23 (52869409)|STATEMENT_EXECUTE|[38]
20:58:03.23 (52874044)|VARIABLE_SCOPE_BEGIN|[38]|totalFields|Integer|false|false
20:58:03.23 (52879217)|HEAP_ALLOCATE|[38]|Bytes:4
20:58:03.23 (52888454)|VARIABLE_ASSIGNMENT|[38]|totalFields|0
20:58:03.23 (52891524)|STATEMENT_EXECUTE|[39]
20:58:03.23 (52895794)|VARIABLE_SCOPE_BEGIN|[39]|sumofweightage|Integer|false|false
20:58:03.23 (52900650)|HEAP_ALLOCATE|[39]|Bytes:4
20:58:03.23 (52909814)|VARIABLE_ASSIGNMENT|[39]|sumofweightage|0
20:58:03.23 (52912747)|STATEMENT_EXECUTE|[40]
20:58:03.23 (52978362)|SYSTEM_METHOD_ENTRY|[40]|String.split(String)
20:58:03.23 (53013303)|HEAP_ALLOCATE|[40]|Bytes:1
20:58:03.23 (53020065)|HEAP_ALLOCATE|[40]|Bytes:1
20:58:03.23 (53023643)|HEAP_ALLOCATE|[40]|Bytes:1
20:58:03.23 (53027018)|HEAP_ALLOCATE|[40]|Bytes:1
20:58:03.23 (53030659)|HEAP_ALLOCATE|[40]|Bytes:20
20:58:03.23 (53045138)|SYSTEM_METHOD_EXIT|[40]|String.split(String)
20:58:03.23 (53055281)|VARIABLE_SCOPE_BEGIN|[40]|fieldWeightagesList|List<String>|true|false
20:58:03.23 (53069237)|HEAP_ALLOCATE|[EXTERNAL]|Bytes:20
20:58:03.23 (53084917)|VARIABLE_ASSIGNMENT|[40]|fieldWeightagesList|["5","5","2","3"]|0x149e7b7b
20:58:03.23 (53105544)|SYSTEM_METHOD_ENTRY|[41]|List<String>.iterator()
20:58:03.23 (53143765)|SYSTEM_METHOD_EXIT|[41]|List<String>.iterator()
20:58:03.23 (53195769)|SYSTEM_METHOD_ENTRY|[41]|system.ListIterator.hasNext()
20:58:03.23 (53212502)|HEAP_ALLOCATE|[41]|Bytes:5
20:58:03.23 (53226824)|SYSTEM_METHOD_EXIT|[41]|system.ListIterator.hasNext()
20:58:03.23 (53239104)|HEAP_ALLOCATE|[41]|Bytes:1
20:58:03.23 (53256304)|VARIABLE_SCOPE_BEGIN|[41]|weightage|String|false|false
20:58:03.23 (53270405)|VARIABLE_ASSIGNMENT|[41]|weightage|"5"
20:58:03.23 (53275084)|STATEMENT_EXECUTE|[41]
20:58:03.23 (53276631)|STATEMENT_EXECUTE|[42]
20:58:03.23 (53306752)|SYSTEM_METHOD_ENTRY|[42]|Integer.valueOf(String)
20:58:03.23 (53343784)|SYSTEM_METHOD_EXIT|[42]|Integer.valueOf(String)
20:58:03.23 (53352410)|HEAP_ALLOCATE|[42]|Bytes:4
20:58:03.23 (53365407)|VARIABLE_ASSIGNMENT|[42]|sumofweightage|5
20:58:03.23 (53378334)|SYSTEM_METHOD_ENTRY|[41]|system.ListIterator.hasNext()
20:58:03.23 (53385504)|HEAP_ALLOCATE|[41]|Bytes:5
20:58:03.23 (53395119)|SYSTEM_METHOD_EXIT|[41]|system.ListIterator.hasNext()
20:58:03.23 (53402526)|HEAP_ALLOCATE|[41]|Bytes:1
20:58:03.23 (53411894)|VARIABLE_SCOPE_BEGIN|[41]|weightage|String|false|false
20:58:03.23 (53424604)|VARIABLE_ASSIGNMENT|[41]|weightage|"5"
20:58:03.23 (53427973)|STATEMENT_EXECUTE|[41]
20:58:03.23 (53429358)|STATEMENT_EXECUTE|[42]
20:58:03.23 (53443644)|SYSTEM_METHOD_ENTRY|[42]|Integer.valueOf(String)
20:58:03.23 (53458114)|SYSTEM_METHOD_EXIT|[42]|Integer.valueOf(String)
20:58:03.23 (53464339)|HEAP_ALLOCATE|[42]|Bytes:4
20:58:03.23 (53475972)|VARIABLE_ASSIGNMENT|[42]|sumofweightage|10
20:58:03.23 (53486100)|SYSTEM_METHOD_ENTRY|[41]|system.ListIterator.hasNext()
20:58:03.23 (53493050)|HEAP_ALLOCATE|[41]|Bytes:5
20:58:03.23 (53502309)|SYSTEM_METHOD_EXIT|[41]|system.ListIterator.hasNext()
20:58:03.23 (53509234)|HEAP_ALLOCATE|[41]|Bytes:1
20:58:03.23 (53517757)|VARIABLE_SCOPE_BEGIN|[41]|weightage|String|false|false
20:58:03.23 (53529728)|VARIABLE_ASSIGNMENT|[41]|weightage|"2"
20:58:03.23 (53533050)|STATEMENT_EXECUTE|[41]
20:58:03.23 (53534548)|STATEMENT_EXECUTE|[42]
20:58:03.23 (53547887)|SYSTEM_METHOD_ENTRY|[42]|Integer.valueOf(String)
20:58:03.23 (53562204)|SYSTEM_METHOD_EXIT|[42]|Integer.valueOf(String)
20:58:03.23 (53568229)|HEAP_ALLOCATE|[42]|Bytes:4
20:58:03.23 (53579097)|VARIABLE_ASSIGNMENT|[42]|sumofweightage|12
20:58:03.23 (53589194)|SYSTEM_METHOD_ENTRY|[41]|system.ListIterator.hasNext()
20:58:03.23 (53595349)|HEAP_ALLOCATE|[41]|Bytes:5
20:58:03.23 (53604027)|SYSTEM_METHOD_EXIT|[41]|system.ListIterator.hasNext()
20:58:03.23 (53610533)|HEAP_ALLOCATE|[41]|Bytes:1
20:58:03.23 (53619399)|VARIABLE_SCOPE_BEGIN|[41]|weightage|String|false|false
20:58:03.23 (53632283)|VARIABLE_ASSIGNMENT|[41]|weightage|"3"
20:58:03.23 (53635916)|STATEMENT_EXECUTE|[41]
20:58:03.23 (53637336)|STATEMENT_EXECUTE|[42]
20:58:03.23 (53651153)|SYSTEM_METHOD_ENTRY|[42]|Integer.valueOf(String)
20:58:03.23 (53664597)|SYSTEM_METHOD_EXIT|[42]|Integer.valueOf(String)
20:58:03.23 (53670514)|HEAP_ALLOCATE|[42]|Bytes:4
20:58:03.23 (53682109)|VARIABLE_ASSIGNMENT|[42]|sumofweightage|15
20:58:03.23 (53691977)|SYSTEM_METHOD_ENTRY|[41]|system.ListIterator.hasNext()
20:58:03.23 (53698097)|HEAP_ALLOCATE|[41]|Bytes:5
20:58:03.23 (53706937)|SYSTEM_METHOD_EXIT|[41]|system.ListIterator.hasNext()
20:58:03.23 (53719942)|VARIABLE_ASSIGNMENT|[41]|weightage|null
20:58:03.23 (53725137)|STATEMENT_EXECUTE|[49]
20:58:03.23 (53732787)|HEAP_ALLOCATE|[49]|Bytes:2
20:58:03.23 (53768332)|METHOD_ENTRY|[1]|01pbm00000AXubG|ParentWrapper.ParentWrapper()
20:58:03.23 (53773239)|STATEMENT_EXECUTE|[1]
20:58:03.23 (53776932)|STATEMENT_EXECUTE|[1]
20:58:03.23 (53782954)|METHOD_EXIT|[1]|ParentWrapper
20:58:03.23 (60817682)|HEAP_ALLOCATE|[49]|Bytes:48
20:58:03.23 (60878427)|CONSTRUCTOR_ENTRY|[49]|01pbm00000AXubG|<init>()|ParentWrapper
20:58:03.23 (60965512)|VARIABLE_SCOPE_BEGIN|[27]|this|ParentWrapper|true|false
20:58:03.23 (61097555)|VARIABLE_ASSIGNMENT|[27]|this|{}|0x4d42d18f
20:58:03.23 (61108112)|STATEMENT_EXECUTE|[1]
20:58:03.23 (61110770)|STATEMENT_EXECUTE|[3]
20:58:03.23 (61114483)|STATEMENT_EXECUTE|[5]
20:58:03.23 (61116885)|STATEMENT_EXECUTE|[7]
20:58:03.23 (61118874)|STATEMENT_EXECUTE|[9]
20:58:03.23 (61120800)|STATEMENT_EXECUTE|[11]
20:58:03.23 (61122704)|STATEMENT_EXECUTE|[13]
20:58:03.23 (61124560)|STATEMENT_EXECUTE|[15]
20:58:03.23 (61126435)|STATEMENT_EXECUTE|[17]
20:58:03.23 (61128316)|STATEMENT_EXECUTE|[19]
20:58:03.23 (61130165)|STATEMENT_EXECUTE|[21]
20:58:03.23 (61132294)|STATEMENT_EXECUTE|[24]
20:58:03.23 (61176490)|STATEMENT_EXECUTE|[27]
20:58:03.23 (61178755)|STATEMENT_EXECUTE|[28]
20:58:03.23 (61187220)|HEAP_ALLOCATE|[28]|Bytes:4
20:58:03.23 (61221606)|VARIABLE_ASSIGNMENT|[28]|this.overallWeightage|0|0x4d42d18f
20:58:03.23 (61236905)|CONSTRUCTOR_EXIT|[49]|01pbm00000AXubG|<init>()|ParentWrapper
20:58:03.23 (61249339)|VARIABLE_SCOPE_BEGIN|[49]|pw|ParentWrapper|true|false
20:58:03.23 (61305448)|VARIABLE_ASSIGNMENT|[49]|pw|{"overallWeightage":0}|0x4d42d18f
20:58:03.23 (61311417)|STATEMENT_EXECUTE|[51]
20:58:03.23 (61318657)|HEAP_ALLOCATE|[51]|Bytes:13
20:58:03.23 (61377649)|SYSTEM_METHOD_ENTRY|[51]|String.valueOf(Object)
20:58:03.23 (61432978)|HEAP_ALLOCATE|[51]|Bytes:59
20:58:03.23 (61454599)|SYSTEM_METHOD_EXIT|[51]|String.valueOf(Object)
20:58:03.23 (61468320)|HEAP_ALLOCATE|[51]|Bytes:72
20:58:03.23 (61502448)|SYSTEM_METHOD_ENTRY|[51]|System.debug(ANY)
20:58:03.23 (61520062)|USER_DEBUG|[51]|DEBUG|fieldNames-->(Name, Email, Title, Phone, LeadSource, Fax, AssistantName)
20:58:03.23 (61532995)|SYSTEM_METHOD_EXIT|[51]|System.debug(ANY)
20:58:03.23 (61556772)|SYSTEM_METHOD_ENTRY|[52]|List<String>.iterator()
20:58:03.23 (61604230)|SYSTEM_METHOD_EXIT|[52]|List<String>.iterator()
20:58:03.23 (61623850)|SYSTEM_METHOD_ENTRY|[52]|system.ListIterator.hasNext()
20:58:03.23 (61641349)|HEAP_ALLOCATE|[52]|Bytes:5
20:58:03.23 (61654132)|SYSTEM_METHOD_EXIT|[52]|system.ListIterator.hasNext()
20:58:03.23 (61666982)|HEAP_ALLOCATE|[52]|Bytes:4
20:58:03.23 (61690972)|VARIABLE_SCOPE_BEGIN|[52]|fieldName|String|false|false
20:58:03.23 (61711620)|VARIABLE_ASSIGNMENT|[52]|fieldName|"Name"
20:58:03.23 (61717876)|STATEMENT_EXECUTE|[52]
20:58:03.23 (61720296)|STATEMENT_EXECUTE|[54]
20:58:03.23 (61728966)|VARIABLE_SCOPE_BEGIN|[54]|myWrapper|MyWrapper|true|false
20:58:03.23 (61744217)|VARIABLE_ASSIGNMENT|[54]|myWrapper|null|
20:58:03.23 (61748673)|STATEMENT_EXECUTE|[55]
20:58:03.23 (61753085)|HEAP_ALLOCATE|[55]|Bytes:4
20:58:03.23 (61789907)|VARIABLE_ASSIGNMENT|[55]|totalFields|1
20:58:03.23 (61871417)|SYSTEM_METHOD_ENTRY|[57]|SObject.get(String)
20:58:03.23 (61986682)|HEAP_ALLOCATE|[57]|Bytes:5
20:58:03.23 (62008282)|SYSTEM_METHOD_EXIT|[57]|SObject.get(String)
20:58:03.23 (62023010)|STATEMENT_EXECUTE|[57]
20:58:03.23 (62025321)|STATEMENT_EXECUTE|[58]
20:58:03.23 (62037720)|HEAP_ALLOCATE|[58]|Bytes:1
20:58:03.23 (62069706)|SYSTEM_METHOD_ENTRY|[58]|Decimal.valueOf(String)
20:58:03.23 (62133047)|HEAP_ALLOCATE|[58]|Bytes:28
20:58:03.23 (62153557)|SYSTEM_METHOD_EXIT|[58]|Decimal.valueOf(String)
20:58:03.23 (62166010)|VARIABLE_SCOPE_BEGIN|[58]|fieldWeightageDecimal|Decimal|false|false
20:58:03.23 (62187992)|VARIABLE_ASSIGNMENT|[58]|fieldWeightageDecimal|5
20:58:03.23 (62192594)|STATEMENT_EXECUTE|[59]
20:58:03.23 (62205437)|HEAP_ALLOCATE|[59]|Bytes:28
20:58:03.23 (62232632)|SYSTEM_METHOD_ENTRY|[59]|Decimal.divide(Decimal)
20:58:03.23 (62431079)|HEAP_ALLOCATE|[59]|Bytes:28
20:58:03.23 (62439718)|HEAP_ALLOCATE|[59]|Bytes:28
20:58:03.23 (62460565)|SYSTEM_METHOD_EXIT|[59]|Decimal.divide(Decimal)
20:58:03.23 (62474604)|HEAP_ALLOCATE|[59]|Bytes:28
20:58:03.23 (62497997)|SYSTEM_METHOD_ENTRY|[59]|Decimal.multiply(Decimal)
20:58:03.23 (62534335)|HEAP_ALLOCATE|[59]|Bytes:28
20:58:03.23 (62540541)|HEAP_ALLOCATE|[59]|Bytes:28
20:58:03.23 (62557476)|SYSTEM_METHOD_EXIT|[59]|Decimal.multiply(Decimal)
20:58:03.23 (62569852)|VARIABLE_SCOPE_BEGIN|[59]|fieldValueDecimal|Decimal|false|false
20:58:03.23 (62601755)|VARIABLE_ASSIGNMENT|[59]|fieldValueDecimal|33.333333333333333333333333333333300
20:58:03.23 (62607469)|STATEMENT_EXECUTE|[60]
20:58:03.23 (62624995)|SYSTEM_METHOD_ENTRY|[60]|Decimal.intValue()
20:58:03.23 (62805356)|SYSTEM_METHOD_EXIT|[60]|Decimal.intValue()
20:58:03.23 (62819718)|VARIABLE_SCOPE_BEGIN|[60]|fieldValue|Integer|false|false
20:58:03.23 (62829129)|HEAP_ALLOCATE|[60]|Bytes:4
20:58:03.23 (62846701)|VARIABLE_ASSIGNMENT|[60]|fieldValue|33
20:58:03.23 (62852276)|STATEMENT_EXECUTE|[61]
20:58:03.23 (62859609)|HEAP_ALLOCATE|[61]|Bytes:4
20:58:03.23 (62872774)|VARIABLE_ASSIGNMENT|[61]|overallWeightage|33
20:58:03.23 (62878551)|STATEMENT_EXECUTE|[62]
20:58:03.23 (62883534)|HEAP_ALLOCATE|[62]|Bytes:16
20:58:03.23 (62915628)|SYSTEM_METHOD_ENTRY|[62]|String.valueOf(Object)
20:58:03.23 (62947066)|HEAP_ALLOCATE|[62]|Bytes:2
20:58:03.23 (62966451)|SYSTEM_METHOD_EXIT|[62]|String.valueOf(Object)
20:58:03.23 (62977684)|HEAP_ALLOCATE|[62]|Bytes:18
20:58:03.23 (63003156)|SYSTEM_METHOD_ENTRY|[62]|System.debug(ANY)
20:58:03.23 (63020186)|USER_DEBUG|[62]|DEBUG|overallWeightage33
20:58:03.23 (63033234)|SYSTEM_METHOD_EXIT|[62]|System.debug(ANY)
20:58:03.23 (63039683)|STATEMENT_EXECUTE|[63]
20:58:03.23 (63048887)|HEAP_ALLOCATE|[63]|Bytes:1
20:58:03.23 (63081930)|METHOD_ENTRY|[1]|01pbm00000AXvJV|MyWrapper.MyWrapper()
20:58:03.23 (63088949)|STATEMENT_EXECUTE|[1]
20:58:03.23 (63094286)|STATEMENT_EXECUTE|[1]
20:58:03.23 (63101554)|METHOD_EXIT|[1]|MyWrapper
20:58:03.23 (63128961)|HEAP_ALLOCATE|[63]|Bytes:12
20:58:03.23 (63165464)|CONSTRUCTOR_ENTRY|[63]|01pbm00000AXvJV|<init>(String,Boolean)|MyWrapper
20:58:03.23 (63216009)|VARIABLE_SCOPE_BEGIN|[9]|this|MyWrapper|true|false
20:58:03.23 (63282506)|VARIABLE_ASSIGNMENT|[9]|this|{}|0x50379e29
20:58:03.23 (63294986)|VARIABLE_SCOPE_BEGIN|[9]|fieldName|String|false|false
20:58:03.23 (63311986)|VARIABLE_ASSIGNMENT|[9]|fieldName|"Name"
20:58:03.23 (63323840)|VARIABLE_SCOPE_BEGIN|[9]|display|Boolean|false|false
20:58:03.23 (63338223)|VARIABLE_ASSIGNMENT|[9]|display|true
20:58:03.23 (63344254)|STATEMENT_EXECUTE|[1]
20:58:03.23 (63346338)|STATEMENT_EXECUTE|[3]
20:58:03.23 (63349026)|STATEMENT_EXECUTE|[6]
20:58:03.23 (63373434)|STATEMENT_EXECUTE|[9]
20:58:03.23 (63375347)|STATEMENT_EXECUTE|[10]
20:58:03.23 (63394104)|VARIABLE_ASSIGNMENT|[10]|this.fieldName|"Name"|0x50379e29
20:58:03.23 (63399988)|STATEMENT_EXECUTE|[11]
20:58:03.23 (63405589)|HEAP_ALLOCATE|[11]|Bytes:5
20:58:03.23 (63420359)|VARIABLE_ASSIGNMENT|[11]|this.display|true|0x50379e29
20:58:03.23 (63486276)|CONSTRUCTOR_EXIT|[63]|01pbm00000AXvJV|<init>(String,Boolean)|MyWrapper
20:58:03.23 (63527990)|VARIABLE_ASSIGNMENT|[63]|myWrapper|{"display":true,"fieldName":"Name"}|0x50379e29
20:58:03.23 (63534674)|STATEMENT_EXECUTE|[69]
20:58:03.23 (63539448)|HEAP_ALLOCATE|[69]|Bytes:4
20:58:03.23 (63547849)|STATEMENT_EXECUTE|[70]
20:58:03.23 (63549843)|STATEMENT_EXECUTE|[71]
20:58:03.23 (63560204)|VARIABLE_ASSIGNMENT|[71]|this.field1|0x50379e29|0x4d42d18f
20:58:03.23 (63566138)|STATEMENT_EXECUTE|[72]
20:58:03.23 (63585707)|SYSTEM_METHOD_ENTRY|[52]|system.ListIterator.hasNext()
20:58:03.23 (63598621)|HEAP_ALLOCATE|[52]|Bytes:5
20:58:03.23 (63613864)|SYSTEM_METHOD_EXIT|[52]|system.ListIterator.hasNext()
20:58:03.23 (63626911)|HEAP_ALLOCATE|[52]|Bytes:5
20:58:03.23 (63643395)|VARIABLE_SCOPE_BEGIN|[52]|fieldName|String|false|false
20:58:03.23 (63660844)|VARIABLE_ASSIGNMENT|[52]|fieldName|"Email"
20:58:03.23 (63664800)|STATEMENT_EXECUTE|[52]
20:58:03.23 (63666374)|STATEMENT_EXECUTE|[54]
20:58:03.23 (63671731)|VARIABLE_SCOPE_BEGIN|[54]|myWrapper|MyWrapper|true|false
20:58:03.23 (63682769)|VARIABLE_ASSIGNMENT|[54]|myWrapper|null|
20:58:03.23 (63685949)|STATEMENT_EXECUTE|[55]
20:58:03.23 (63689076)|HEAP_ALLOCATE|[55]|Bytes:4
20:58:03.23 (63701239)|VARIABLE_ASSIGNMENT|[55]|totalFields|2
20:58:03.23 (63727043)|SYSTEM_METHOD_ENTRY|[57]|SObject.get(String)
20:58:03.23 (63795569)|SYSTEM_METHOD_EXIT|[57]|SObject.get(String)
20:58:03.23 (63803847)|STATEMENT_EXECUTE|[64]
20:58:03.23 (63805259)|STATEMENT_EXECUTE|[65]
20:58:03.23 (63810804)|HEAP_ALLOCATE|[65]|Bytes:12
20:58:03.23 (63832386)|CONSTRUCTOR_ENTRY|[65]|01pbm00000AXvJV|<init>(String,Boolean)|MyWrapper
20:58:03.23 (63869989)|VARIABLE_SCOPE_BEGIN|[9]|this|MyWrapper|true|false
20:58:03.23 (63904230)|VARIABLE_ASSIGNMENT|[9]|this|{}|0xa51407a
20:58:03.23 (63911618)|VARIABLE_SCOPE_BEGIN|[9]|fieldName|String|false|false
20:58:03.23 (63923900)|VARIABLE_ASSIGNMENT|[9]|fieldName|"Email"
20:58:03.23 (63930981)|VARIABLE_SCOPE_BEGIN|[9]|display|Boolean|false|false
20:58:03.23 (63940662)|VARIABLE_ASSIGNMENT|[9]|display|false
20:58:03.23 (63944534)|STATEMENT_EXECUTE|[1]
20:58:03.23 (63946048)|STATEMENT_EXECUTE|[3]
20:58:03.23 (63947929)|STATEMENT_EXECUTE|[6]
20:58:03.23 (63964194)|STATEMENT_EXECUTE|[9]
20:58:03.23 (63965706)|STATEMENT_EXECUTE|[10]
20:58:03.23 (63977071)|VARIABLE_ASSIGNMENT|[10]|this.fieldName|"Email"|0xa51407a
20:58:03.23 (63980961)|STATEMENT_EXECUTE|[11]
20:58:03.23 (63984966)|HEAP_ALLOCATE|[11]|Bytes:5
20:58:03.23 (63996069)|VARIABLE_ASSIGNMENT|[11]|this.display|false|0xa51407a
20:58:03.23 (64012640)|CONSTRUCTOR_EXIT|[65]|01pbm00000AXvJV|<init>(String,Boolean)|MyWrapper
20:58:03.23 (64043096)|VARIABLE_ASSIGNMENT|[65]|myWrapper|{"display":false,"fieldName":"Email"}|0xa51407a
20:58:03.23 (64047481)|STATEMENT_EXECUTE|[69]
20:58:03.23 (64050748)|HEAP_ALLOCATE|[69]|Bytes:4
20:58:03.23 (64058022)|STATEMENT_EXECUTE|[74]
20:58:03.23 (64059617)|STATEMENT_EXECUTE|[75]
20:58:03.23 (64067710)|VARIABLE_ASSIGNMENT|[75]|this.field2|0xa51407a|0x4d42d18f
20:58:03.23 (64071456)|STATEMENT_EXECUTE|[76]
20:58:03.23 (64083187)|SYSTEM_METHOD_ENTRY|[52]|system.ListIterator.hasNext()
20:58:03.23 (64091455)|HEAP_ALLOCATE|[52]|Bytes:5
20:58:03.23 (64102071)|SYSTEM_METHOD_EXIT|[52]|system.ListIterator.hasNext()
20:58:03.23 (64110466)|HEAP_ALLOCATE|[52]|Bytes:5
20:58:03.23 (64121071)|VARIABLE_SCOPE_BEGIN|[52]|fieldName|String|false|false
20:58:03.23 (64134161)|VARIABLE_ASSIGNMENT|[52]|fieldName|"Title"
20:58:03.23 (64137619)|STATEMENT_EXECUTE|[52]
20:58:03.23 (64139091)|STATEMENT_EXECUTE|[54]
20:58:03.23 (64144135)|VARIABLE_SCOPE_BEGIN|[54]|myWrapper|MyWrapper|true|false
20:58:03.23 (64154273)|VARIABLE_ASSIGNMENT|[54]|myWrapper|null|
20:58:03.23 (64157219)|STATEMENT_EXECUTE|[55]
20:58:03.23 (64159982)|HEAP_ALLOCATE|[55]|Bytes:4
20:58:03.23 (64169652)|VARIABLE_ASSIGNMENT|[55]|totalFields|3
20:58:03.23 (64188204)|SYSTEM_METHOD_ENTRY|[57]|SObject.get(String)
20:58:03.23 (64229093)|SYSTEM_METHOD_EXIT|[57]|SObject.get(String)
20:58:03.23 (64235821)|STATEMENT_EXECUTE|[64]
20:58:03.23 (64237434)|STATEMENT_EXECUTE|[65]
20:58:03.23 (64241676)|HEAP_ALLOCATE|[65]|Bytes:12
20:58:03.23 (64260685)|CONSTRUCTOR_ENTRY|[65]|01pbm00000AXvJV|<init>(String,Boolean)|MyWrapper
20:58:03.23 (64272285)|VARIABLE_SCOPE_BEGIN|[9]|this|MyWrapper|true|false
20:58:03.23 (64302694)|VARIABLE_ASSIGNMENT|[9]|this|{}|0x4baa9a60
20:58:03.23 (64310047)|VARIABLE_SCOPE_BEGIN|[9]|fieldName|String|false|false
20:58:03.23 (64321499)|VARIABLE_ASSIGNMENT|[9]|fieldName|"Title"
20:58:03.23 (64327936)|VARIABLE_SCOPE_BEGIN|[9]|display|Boolean|false|false
20:58:03.23 (64337381)|VARIABLE_ASSIGNMENT|[9]|display|false
20:58:03.23 (64341162)|STATEMENT_EXECUTE|[1]
20:58:03.23 (64342641)|STATEMENT_EXECUTE|[3]
20:58:03.23 (64344399)|STATEMENT_EXECUTE|[6]
20:58:03.23 (64358846)|STATEMENT_EXECUTE|[9]
20:58:03.23 (64360309)|STATEMENT_EXECUTE|[10]
20:58:03.23 (64381181)|VARIABLE_ASSIGNMENT|[10]|this.fieldName|"Title"|0x4baa9a60
20:58:03.23 (64385046)|STATEMENT_EXECUTE|[11]
20:58:03.23 (64389232)|HEAP_ALLOCATE|[11]|Bytes:5
20:58:03.23 (64400820)|VARIABLE_ASSIGNMENT|[11]|this.display|false|0x4baa9a60
20:58:03.23 (64417984)|CONSTRUCTOR_EXIT|[65]|01pbm00000AXvJV|<init>(String,Boolean)|MyWrapper
20:58:03.23 (64450751)|VARIABLE_ASSIGNMENT|[65]|myWrapper|{"display":false,"fieldName":"Title"}|0x4baa9a60
20:58:03.23 (64455046)|STATEMENT_EXECUTE|[69]
20:58:03.23 (64458521)|HEAP_ALLOCATE|[69]|Bytes:4
20:58:03.23 (64465965)|STATEMENT_EXECUTE|[78]
20:58:03.23 (64467299)|STATEMENT_EXECUTE|[79]
20:58:03.23 (64474980)|VARIABLE_ASSIGNMENT|[79]|this.field3|0x4baa9a60|0x4d42d18f
20:58:03.23 (64478699)|STATEMENT_EXECUTE|[80]
20:58:03.23 (64490532)|SYSTEM_METHOD_ENTRY|[52]|system.ListIterator.hasNext()
20:58:03.23 (64497764)|HEAP_ALLOCATE|[52]|Bytes:5
20:58:03.23 (64509127)|SYSTEM_METHOD_EXIT|[52]|system.ListIterator.hasNext()
20:58:03.23 (64523614)|HEAP_ALLOCATE|[52]|Bytes:5
20:58:03.23 (64539003)|VARIABLE_SCOPE_BEGIN|[52]|fieldName|String|false|false
20:58:03.23 (64565605)|VARIABLE_ASSIGNMENT|[52]|fieldName|"Phone"
20:58:03.23 (64571518)|STATEMENT_EXECUTE|[52]
20:58:03.23 (64573701)|STATEMENT_EXECUTE|[54]
20:58:03.23 (64580071)|VARIABLE_SCOPE_BEGIN|[54]|myWrapper|MyWrapper|true|false
20:58:03.23 (64594696)|VARIABLE_ASSIGNMENT|[54]|myWrapper|null|
20:58:03.23 (64597696)|STATEMENT_EXECUTE|[55]
20:58:03.23 (64600461)|HEAP_ALLOCATE|[55]|Bytes:4
20:58:03.23 (64613471)|VARIABLE_ASSIGNMENT|[55]|totalFields|4
20:58:03.23 (64639794)|SYSTEM_METHOD_ENTRY|[57]|SObject.get(String)
20:58:03.23 (64675416)|HEAP_ALLOCATE|[57]|Bytes:10
20:58:03.23 (64692758)|SYSTEM_METHOD_EXIT|[57]|SObject.get(String)
20:58:03.23 (64699901)|STATEMENT_EXECUTE|[57]
20:58:03.23 (64702010)|STATEMENT_EXECUTE|[58]
20:58:03.23 (64711632)|HEAP_ALLOCATE|[58]|Bytes:1
20:58:03.23 (64737176)|SYSTEM_METHOD_ENTRY|[58]|Decimal.valueOf(String)
20:58:03.23 (64752202)|HEAP_ALLOCATE|[58]|Bytes:28
20:58:03.23 (64768150)|SYSTEM_METHOD_EXIT|[58]|Decimal.valueOf(String)
20:58:03.23 (64778059)|VARIABLE_SCOPE_BEGIN|[58]|fieldWeightageDecimal|Decimal|false|false
20:58:03.23 (64794639)|VARIABLE_ASSIGNMENT|[58]|fieldWeightageDecimal|3
20:58:03.23 (64798151)|STATEMENT_EXECUTE|[59]
20:58:03.23 (64806259)|HEAP_ALLOCATE|[59]|Bytes:28
20:58:03.23 (64824079)|SYSTEM_METHOD_ENTRY|[59]|Decimal.divide(Decimal)
20:58:03.23 (65043470)|HEAP_ALLOCATE|[59]|Bytes:28
20:58:03.23 (65051014)|HEAP_ALLOCATE|[59]|Bytes:28
20:58:03.23 (65067411)|SYSTEM_METHOD_EXIT|[59]|Decimal.divide(Decimal)
20:58:03.23 (65077253)|HEAP_ALLOCATE|[59]|Bytes:28
20:58:03.23 (65093099)|SYSTEM_METHOD_ENTRY|[59]|Decimal.multiply(Decimal)
20:58:03.23 (65116574)|HEAP_ALLOCATE|[59]|Bytes:28
20:58:03.23 (65129954)|SYSTEM_METHOD_EXIT|[59]|Decimal.multiply(Decimal)
20:58:03.23 (65139688)|VARIABLE_SCOPE_BEGIN|[59]|fieldValueDecimal|Decimal|false|false
20:58:03.23 (65154627)|VARIABLE_ASSIGNMENT|[59]|fieldValueDecimal|20.0
20:58:03.23 (65158429)|STATEMENT_EXECUTE|[60]
20:58:03.23 (65172148)|SYSTEM_METHOD_ENTRY|[60]|Decimal.intValue()
20:58:03.23 (65197642)|SYSTEM_METHOD_EXIT|[60]|Decimal.intValue()
20:58:03.23 (65207156)|VARIABLE_SCOPE_BEGIN|[60]|fieldValue|Integer|false|false
20:58:03.23 (65213570)|HEAP_ALLOCATE|[60]|Bytes:4
20:58:03.23 (65226501)|VARIABLE_ASSIGNMENT|[60]|fieldValue|20
20:58:03.23 (65230464)|STATEMENT_EXECUTE|[61]
20:58:03.23 (65235321)|HEAP_ALLOCATE|[61]|Bytes:4
20:58:03.23 (65245384)|VARIABLE_ASSIGNMENT|[61]|overallWeightage|53
20:58:03.23 (65248811)|STATEMENT_EXECUTE|[62]
20:58:03.23 (65266829)|SYSTEM_METHOD_ENTRY|[62]|String.valueOf(Object)
20:58:03.23 (65273651)|HEAP_ALLOCATE|[62]|Bytes:2
20:58:03.23 (65286796)|SYSTEM_METHOD_EXIT|[62]|String.valueOf(Object)
20:58:03.23 (65294591)|HEAP_ALLOCATE|[62]|Bytes:18
20:58:03.23 (65315320)|SYSTEM_METHOD_ENTRY|[62]|System.debug(ANY)
20:58:03.23 (65326823)|USER_DEBUG|[62]|DEBUG|overallWeightage53
20:58:03.23 (65336396)|SYSTEM_METHOD_EXIT|[62]|System.debug(ANY)
20:58:03.23 (65341475)|STATEMENT_EXECUTE|[63]
20:58:03.23 (65346709)|HEAP_ALLOCATE|[63]|Bytes:12
20:58:03.23 (65368414)|CONSTRUCTOR_ENTRY|[63]|01pbm00000AXvJV|<init>(String,Boolean)|MyWrapper
20:58:03.23 (65380655)|VARIABLE_SCOPE_BEGIN|[9]|this|MyWrapper|true|false
20:58:03.23 (65461625)|VARIABLE_ASSIGNMENT|[9]|this|{}|0x37840b1e
20:58:03.23 (65469376)|VARIABLE_SCOPE_BEGIN|[9]|fieldName|String|false|false
20:58:03.23 (65492748)|VARIABLE_ASSIGNMENT|[9]|fieldName|"Phone"
20:58:03.23 (65499914)|VARIABLE_SCOPE_BEGIN|[9]|display|Boolean|false|false
20:58:03.23 (65510537)|VARIABLE_ASSIGNMENT|[9]|display|true
20:58:03.23 (65515117)|STATEMENT_EXECUTE|[1]
20:58:03.23 (65516600)|STATEMENT_EXECUTE|[3]
20:58:03.23 (65518511)|STATEMENT_EXECUTE|[6]
20:58:03.23 (65535855)|STATEMENT_EXECUTE|[9]
20:58:03.23 (65537966)|STATEMENT_EXECUTE|[10]
20:58:03.23 (65551036)|VARIABLE_ASSIGNMENT|[10]|this.fieldName|"Phone"|0x37840b1e
20:58:03.23 (65554943)|STATEMENT_EXECUTE|[11]
20:58:03.23 (65559146)|HEAP_ALLOCATE|[11]|Bytes:5
20:58:03.23 (65570843)|VARIABLE_ASSIGNMENT|[11]|this.display|true|0x37840b1e
20:58:03.23 (65588092)|CONSTRUCTOR_EXIT|[63]|01pbm00000AXvJV|<init>(String,Boolean)|MyWrapper
20:58:03.23 (65618021)|VARIABLE_ASSIGNMENT|[63]|myWrapper|{"display":true,"fieldName":"Phone"}|0x37840b1e
20:58:03.23 (65623348)|STATEMENT_EXECUTE|[69]
20:58:03.23 (65626764)|HEAP_ALLOCATE|[69]|Bytes:4
20:58:03.23 (65635071)|STATEMENT_EXECUTE|[82]
20:58:03.23 (65636522)|STATEMENT_EXECUTE|[83]
20:58:03.23 (65644951)|VARIABLE_ASSIGNMENT|[83]|this.field4|0x37840b1e|0x4d42d18f
20:58:03.23 (65648589)|STATEMENT_EXECUTE|[84]
20:58:03.23 (65662082)|SYSTEM_METHOD_ENTRY|[52]|system.ListIterator.hasNext()
20:58:03.23 (65670296)|HEAP_ALLOCATE|[52]|Bytes:5
20:58:03.23 (65681266)|SYSTEM_METHOD_EXIT|[52]|system.ListIterator.hasNext()
20:58:03.23 (65690008)|HEAP_ALLOCATE|[52]|Bytes:10
20:58:03.23 (65701313)|VARIABLE_SCOPE_BEGIN|[52]|fieldName|String|false|false
20:58:03.23 (65714637)|VARIABLE_ASSIGNMENT|[52]|fieldName|"LeadSource"
20:58:03.23 (65718137)|STATEMENT_EXECUTE|[52]
20:58:03.23 (65719641)|STATEMENT_EXECUTE|[54]
20:58:03.23 (65724149)|VARIABLE_SCOPE_BEGIN|[54]|myWrapper|MyWrapper|true|false
20:58:03.23 (65734798)|VARIABLE_ASSIGNMENT|[54]|myWrapper|null|
20:58:03.23 (65741582)|STATEMENT_EXECUTE|[55]
20:58:03.23 (65744369)|HEAP_ALLOCATE|[55]|Bytes:4
20:58:03.23 (65754310)|VARIABLE_ASSIGNMENT|[55]|totalFields|5
20:58:03.23 (65773755)|SYSTEM_METHOD_ENTRY|[57]|SObject.get(String)
20:58:03.23 (65810393)|HEAP_ALLOCATE|[57]|Bytes:13
20:58:03.23 (65826254)|SYSTEM_METHOD_EXIT|[57]|SObject.get(String)
20:58:03.23 (65832903)|STATEMENT_EXECUTE|[57]
20:58:03.23 (65834434)|STATEMENT_EXECUTE|[58]
20:58:03.23 (65929208)|HEAP_ALLOCATE|[58]|Bytes:31
20:58:03.23 (66083644)|FATAL_ERROR|System.ListException: List index out of bounds: 4

Class.RecordCompletnessAction.processFlowAction: line 58, column 1
20:58:03.23 (66095194)|FATAL_ERROR|System.ListException: List index out of bounds: 4

Class.RecordCompletnessAction.processFlowAction: line 58, column 1
20:58:03.66 (66108167)|CUMULATIVE_LIMIT_USAGE
20:58:03.66 (66108167)|LIMIT_USAGE_FOR_NS|(default)|
  Number of SOQL queries: 1 out of 100
  Number of query rows: 1 out of 50000
  Number of SOSL queries: 0 out of 20
  Number of DML statements: 0 out of 150
  Number of Publish Immediate DML: 0 out of 150
  Number of DML rows: 0 out of 10000
  Maximum CPU time: 6 out of 10000
  Maximum heap size: 0 out of 6000000
  Number of callouts: 0 out of 100
  Number of Email Invocations: 0 out of 10
  Number of future calls: 0 out of 50
  Number of queueable jobs added to the queue: 0 out of 50
  Number of Mobile Apex push calls: 0 out of 10

20:58:03.66 (66108167)|CUMULATIVE_LIMIT_USAGE_END

20:58:03.23 (66167295)|CODE_UNIT_FINISHED|RecordCompletnessAction.processFlowAction(List<RecordCompletnessAction.FlowInputWrapper>)
20:58:03.6 (428013653)|FLOW_ELEMENT_ERROR|An Apex error occurred: System.ListException: List index out of bounds: 4
|FlowActionCall|Process_Data_Action_1
20:58:03.6 (428490718)|FLOW_START_INTERVIEW_END|11530eb16bf6ad8e61ce169d2da61953b4f2cd7-7b4f|Contact Record Completeness Clone-2
20:58:03.431 (431907321)|USER_INFO|[EXTERNAL]|005bm000005k0Jt|yogeshr1@gmail.com|(GMT-08:00) Pacific Standard Time (America/Los_Angeles)|GMT-08:00
