55.0 APEX_CODE,FINEST;APEX_PROFILING,INFO;CALLOUT,INFO;DATA_ACCESS,INFO;DB,INFO;NBA,INFO;SYSTEM,DEBUG;VALIDATION,INFO;VISUALFORCE,INFO;WAVE,INFO;WORKFLOW,INFO
Execute Anonymous: 
Execute Anonymous: Integer totalClosedCount = 0; 
Execute Anonymous: Integer totalOpenCount = 0; 
Execute Anonymous:  
Execute Anonymous: // Creates the savepoint 
Execute Anonymous: Savepoint startPoint = Database.setSavepoint(); 
Execute Anonymous:  
Execute Anonymous: Vehicle__c vehicle = new Vehicle__c(Name='Freebird'); 
Execute Anonymous: INSERT vehicle; 
Execute Anonymous:  
Execute Anonymous: // create a new product2/equipment 
Execute Anonymous: Product2 equipment1 = new Product2(); 
Execute Anonymous: equipment1.Name='Toilet Seat Cover'; 
Execute Anonymous: equipment1.Cost__c = 100; 
Execute Anonymous: equipment1.Current_Inventory__c = 1; 
Execute Anonymous: equipment1.Lifespan_Months__c = 1; 
Execute Anonymous: equipment1.Maintenance_Cycle__c = 30; 
Execute Anonymous: equipment1.Warehouse_SKU__c = '#grubsareyummy'; 
Execute Anonymous: equipment1.IsActive = true; 
Execute Anonymous: equipment1.Replacement_Part__c = true; 
Execute Anonymous: INSERT equipment1; 
Execute Anonymous:  
Execute Anonymous: // create a new product2/equipment 
Execute Anonymous: Product2 equipment2 = new Product2(); 
Execute Anonymous: equipment2.Name='Motor'; 
Execute Anonymous: equipment2.Cost__c = 100; 
Execute Anonymous: equipment2.Current_Inventory__c = 1; 
Execute Anonymous: equipment2.Lifespan_Months__c = 1; 
Execute Anonymous: equipment2.Maintenance_Cycle__c = 15; 
Execute Anonymous: equipment2.Warehouse_SKU__c = '#grubsareyummy'; 
Execute Anonymous: equipment2.IsActive = true; 
Execute Anonymous: equipment2.Replacement_Part__c = true; 
Execute Anonymous: INSERT equipment2; 
Execute Anonymous:  
Execute Anonymous:  
Execute Anonymous: // new case of type 'Routine Maintenance' -- WILL fire trigger 
Execute Anonymous: Case maintenaceRequest = new Case(); 
Execute Anonymous: maintenaceRequest.Subject = vehicle.Name; 
Execute Anonymous: maintenaceRequest.Vehicle__c = vehicle.Id; 
Execute Anonymous: maintenaceRequest.Status = 'Open'; 
Execute Anonymous: maintenaceRequest.Type = 'Routine Maintenance'; 
Execute Anonymous: maintenaceRequest.Date_Reported__c = System.today(); 
Execute Anonymous: INSERT maintenaceRequest; 
Execute Anonymous:  
Execute Anonymous: //These records will joint the Equipment1 and 2 with the maintenance request record. 
Execute Anonymous: List<Equipment_Maintenance_Item__c> equipmentMaintenanceItems = new List<Equipment_Maintenance_Item__c>(); 
Execute Anonymous: equipmentMaintenanceItems.add(new Equipment_Maintenance_Item__c(Equipment__c = equipment1.Id,Maintenance_Request__c = maintenaceRequest.Id)); 
Execute Anonymous: equipmentMaintenanceItems.add(new Equipment_Maintenance_Item__c(Equipment__c = equipment2.Id,Maintenance_Request__c = maintenaceRequest.Id)); 
Execute Anonymous: insert equipmentMaintenanceItems; 
Execute Anonymous:  
Execute Anonymous: // update each case status 
Execute Anonymous: maintenaceRequest.Status = 'Closed'; 
Execute Anonymous: UPDATE maintenaceRequest; 
Execute Anonymous:  
Execute Anonymous: // grab some values so we can compare after clean up 
Execute Anonymous: totalClosedCount = [SELECT count() FROM Case WHERE Status = 'Closed' AND Vehicle__c = :vehicle.Id]; 
Execute Anonymous: totalOpenCount = [SELECT count() FROM Case WHERE Type = 'Routine Maintenance' AND Status != 'Closed' AND Vehicle__c = :vehicle.Id ]; 
Execute Anonymous:  
Execute Anonymous: // clean up, rolling back the savepoint. 
Execute Anonymous: Database.rollback(startPoint); 
Execute Anonymous:  
Execute Anonymous: System.assertEquals(1, totalClosedCount); 
Execute Anonymous: System.assertEquals(1, totalOpenCount);
16:49:54.2 (2380105)|USER_INFO|[EXTERNAL]|005NS00000IDMA1|yogeshsayant@cunning-panda-1ovwqb.com|(GMT+05:30) India Standard Time (Asia/Kolkata)|GMT+05:30
16:49:54.2 (2415066)|EXECUTION_STARTED
16:49:54.2 (2451846)|CODE_UNIT_STARTED|[EXTERNAL]|execute_anonymous_apex
16:49:54.2 (2810433)|VARIABLE_SCOPE_BEGIN|[12]|equipment1|Product2|true|false
16:49:54.2 (2838343)|VARIABLE_SCOPE_BEGIN|[24]|equipment2|Product2|true|false
16:49:54.2 (3051598)|VARIABLE_SCOPE_BEGIN|[46]|equipmentMaintenanceItems|List<Equipment_Maintenance_Item__c>|true|false
16:49:54.2 (3098209)|VARIABLE_SCOPE_BEGIN|[37]|maintenaceRequest|Case|true|false
16:49:54.2 (3116199)|VARIABLE_SCOPE_BEGIN|[6]|startPoint|System.Savepoint|true|false
16:49:54.2 (3140619)|VARIABLE_SCOPE_BEGIN|[2]|totalClosedCount|Integer|false|false
16:49:54.2 (3150820)|VARIABLE_SCOPE_BEGIN|[3]|totalOpenCount|Integer|false|false
16:49:54.2 (3203350)|VARIABLE_SCOPE_BEGIN|[8]|vehicle|Vehicle__c|true|false
16:49:54.2 (3391734)|HEAP_ALLOCATE|[93]|Bytes:3
16:49:54.2 (3439655)|HEAP_ALLOCATE|[98]|Bytes:152
16:49:54.2 (3455856)|HEAP_ALLOCATE|[415]|Bytes:408
16:49:54.2 (3466816)|HEAP_ALLOCATE|[428]|Bytes:408
16:49:54.2 (3476566)|HEAP_ALLOCATE|[536]|Bytes:48
16:49:54.2 (3504336)|HEAP_ALLOCATE|[247]|Bytes:6
16:49:54.2 (3529767)|HEAP_ALLOCATE|[EXTERNAL]|Bytes:123
16:49:54.2 (3877483)|STATEMENT_EXECUTE|[1]
16:49:54.2 (3881334)|STATEMENT_EXECUTE|[2]
16:49:54.2 (3891563)|HEAP_ALLOCATE|[2]|Bytes:4
16:49:54.2 (3971804)|VARIABLE_ASSIGNMENT|[2]|totalClosedCount|0
16:49:54.2 (3979705)|STATEMENT_EXECUTE|[3]
16:49:54.2 (3984525)|HEAP_ALLOCATE|[3]|Bytes:4
16:49:54.2 (4001805)|VARIABLE_ASSIGNMENT|[3]|totalOpenCount|0
16:49:54.2 (4008146)|STATEMENT_EXECUTE|[6]
16:49:54.2 (4040917)|HEAP_ALLOCATE|[68]|Bytes:5
16:49:54.2 (4081577)|HEAP_ALLOCATE|[74]|Bytes:5
16:49:54.2 (4096018)|HEAP_ALLOCATE|[82]|Bytes:7
16:49:54.2 (5221548)|SAVEPOINT_SET|[6]|SavepointValue0
16:49:54.2 (5257509)|HEAP_ALLOCATE|[6]|Bytes:16
16:49:54.2 (5682877)|VARIABLE_ASSIGNMENT|[6]|startPoint|"common.apex.runtime.impl.ApexUserSavepoint@781e4f82"|0x781e4f82
16:49:54.2 (5694738)|STATEMENT_EXECUTE|[8]
16:49:54.2 (5754249)|HEAP_ALLOCATE|[8]|Bytes:4
16:49:54.2 (5881372)|HEAP_ALLOCATE|[8]|Bytes:8
16:49:54.2 (5993144)|VARIABLE_ASSIGNMENT|[8]|this.Name|"Freebird"|0x56d3a788
16:49:54.2 (6054564)|VARIABLE_ASSIGNMENT|[8]|vehicle|{"Name":"Freebird"}|0x56d3a788
16:49:54.2 (6063735)|STATEMENT_EXECUTE|[9]
16:49:54.2 (6119536)|HEAP_ALLOCATE|[9]|Bytes:8
16:49:54.2 (6160147)|DML_BEGIN|[9]|Op:Insert|Type:Vehicle__c|Rows:1
16:49:54.2 (6237847)|HEAP_ALLOCATE|[EXTERNAL]|Bytes:8
16:49:54.2 (67276489)|DML_END|[9]
16:49:54.2 (68263639)|STATEMENT_EXECUTE|[12]
16:49:54.2 (68331360)|HEAP_ALLOCATE|[12]|Bytes:4
16:49:54.2 (68652195)|VARIABLE_ASSIGNMENT|[12]|equipment1|{}|0x2e912f75
16:49:54.2 (68670856)|STATEMENT_EXECUTE|[13]
16:49:54.2 (68680707)|HEAP_ALLOCATE|[13]|Bytes:17
16:49:54.2 (68939532)|VARIABLE_ASSIGNMENT|[13]|this.Name|"Toilet Seat Cover"|0x2e912f75
16:49:54.2 (68952472)|STATEMENT_EXECUTE|[14]
16:49:54.2 (69030773)|HEAP_ALLOCATE|[14]|Bytes:28
16:49:54.2 (69344128)|VARIABLE_ASSIGNMENT|[14]|this.Cost__c|100|0x2e912f75
16:49:54.2 (69356439)|STATEMENT_EXECUTE|[15]
16:49:54.2 (69410360)|HEAP_ALLOCATE|[15]|Bytes:28
16:49:54.2 (69419311)|HEAP_ALLOCATE|[15]|Bytes:28
16:49:54.2 (69515422)|VARIABLE_ASSIGNMENT|[15]|this.Current_Inventory__c|1|0x2e912f75
16:49:54.2 (69525313)|STATEMENT_EXECUTE|[16]
16:49:54.2 (70256246)|HEAP_ALLOCATE|[16]|Bytes:28
16:49:54.2 (70269737)|HEAP_ALLOCATE|[16]|Bytes:28
16:49:54.2 (70368409)|VARIABLE_ASSIGNMENT|[16]|this.Lifespan_Months__c|1|0x2e912f75
16:49:54.2 (70379689)|STATEMENT_EXECUTE|[17]
16:49:54.2 (70397108)|HEAP_ALLOCATE|[17]|Bytes:28
16:49:54.2 (70469841)|VARIABLE_ASSIGNMENT|[17]|this.Maintenance_Cycle__c|30|0x2e912f75
16:49:54.2 (70479661)|STATEMENT_EXECUTE|[18]
16:49:54.2 (70487281)|HEAP_ALLOCATE|[18]|Bytes:14
16:49:54.2 (70553362)|VARIABLE_ASSIGNMENT|[18]|this.Warehouse_SKU__c|"#grubsareyummy"|0x2e912f75
16:49:54.2 (70563911)|STATEMENT_EXECUTE|[19]
16:49:54.2 (70661104)|VARIABLE_ASSIGNMENT|[19]|this.IsActive|true|0x2e912f75
16:49:54.2 (70671184)|STATEMENT_EXECUTE|[20]
16:49:54.2 (70744586)|VARIABLE_ASSIGNMENT|[20]|this.Replacement_Part__c|true|0x2e912f75
16:49:54.2 (70756246)|STATEMENT_EXECUTE|[21]
16:49:54.2 (70820727)|HEAP_ALLOCATE|[21]|Bytes:8
16:49:54.2 (70877968)|DML_BEGIN|[21]|Op:Insert|Type:Product2|Rows:1
16:49:54.2 (70976279)|HEAP_ALLOCATE|[EXTERNAL]|Bytes:8
16:49:54.2 (98783269)|DML_END|[21]
16:49:54.2 (99645776)|STATEMENT_EXECUTE|[24]
16:49:54.2 (99687577)|HEAP_ALLOCATE|[24]|Bytes:4
16:49:54.2 (99827919)|VARIABLE_ASSIGNMENT|[24]|equipment2|{}|0x3d4c1b4d
16:49:54.2 (99838490)|STATEMENT_EXECUTE|[25]
16:49:54.2 (99847560)|HEAP_ALLOCATE|[25]|Bytes:5
16:49:54.2 (99988071)|VARIABLE_ASSIGNMENT|[25]|this.Name|"Motor"|0x3d4c1b4d
16:49:54.2 (99997133)|STATEMENT_EXECUTE|[26]
16:49:54.2 (100034783)|HEAP_ALLOCATE|[26]|Bytes:28
16:49:54.2 (100160275)|VARIABLE_ASSIGNMENT|[26]|this.Cost__c|100|0x3d4c1b4d
16:49:54.2 (100170256)|STATEMENT_EXECUTE|[27]
16:49:54.2 (100191795)|HEAP_ALLOCATE|[27]|Bytes:28
16:49:54.2 (100197746)|HEAP_ALLOCATE|[27]|Bytes:28
16:49:54.2 (100262428)|VARIABLE_ASSIGNMENT|[27]|this.Current_Inventory__c|1|0x3d4c1b4d
16:49:54.2 (100272508)|STATEMENT_EXECUTE|[28]
16:49:54.2 (100285588)|HEAP_ALLOCATE|[28]|Bytes:28
16:49:54.2 (100291028)|HEAP_ALLOCATE|[28]|Bytes:28
16:49:54.2 (100349899)|VARIABLE_ASSIGNMENT|[28]|this.Lifespan_Months__c|1|0x3d4c1b4d
16:49:54.2 (100359059)|STATEMENT_EXECUTE|[29]
16:49:54.2 (100369479)|HEAP_ALLOCATE|[29]|Bytes:28
16:49:54.2 (100427981)|VARIABLE_ASSIGNMENT|[29]|this.Maintenance_Cycle__c|15|0x3d4c1b4d
16:49:54.2 (100436071)|STATEMENT_EXECUTE|[30]
16:49:54.2 (100486992)|VARIABLE_ASSIGNMENT|[30]|this.Warehouse_SKU__c|"#grubsareyummy"|0x3d4c1b4d
16:49:54.2 (100496902)|STATEMENT_EXECUTE|[31]
16:49:54.2 (100566783)|VARIABLE_ASSIGNMENT|[31]|this.IsActive|true|0x3d4c1b4d
16:49:54.2 (100575784)|STATEMENT_EXECUTE|[32]
16:49:54.2 (100624175)|VARIABLE_ASSIGNMENT|[32]|this.Replacement_Part__c|true|0x3d4c1b4d
16:49:54.2 (100632604)|STATEMENT_EXECUTE|[33]
16:49:54.2 (100707986)|HEAP_ALLOCATE|[33]|Bytes:8
16:49:54.2 (100768657)|DML_BEGIN|[33]|Op:Insert|Type:Product2|Rows:1
16:49:54.2 (100855968)|HEAP_ALLOCATE|[EXTERNAL]|Bytes:8
16:49:54.2 (119632036)|DML_END|[33]
16:49:54.2 (120525633)|STATEMENT_EXECUTE|[37]
16:49:54.2 (120605475)|HEAP_ALLOCATE|[37]|Bytes:4
16:49:54.2 (120918421)|VARIABLE_ASSIGNMENT|[37]|maintenaceRequest|{}|0x4b1a55c7
16:49:54.2 (120929941)|STATEMENT_EXECUTE|[38]
16:49:54.2 (121368878)|VARIABLE_ASSIGNMENT|[38]|this.Subject|"Freebird"|0x4b1a55c7
16:49:54.2 (121380169)|STATEMENT_EXECUTE|[39]
16:49:54.2 (121526121)|VARIABLE_ASSIGNMENT|[39]|this.Vehicle__c|"a02NS00000CtBAPYA3"|0x4b1a55c7
16:49:54.2 (121536062)|STATEMENT_EXECUTE|[40]
16:49:54.2 (121543242)|HEAP_ALLOCATE|[40]|Bytes:4
16:49:54.2 (121625534)|VARIABLE_ASSIGNMENT|[40]|this.Status|"Open"|0x4b1a55c7
16:49:54.2 (121633374)|STATEMENT_EXECUTE|[41]
16:49:54.2 (121637563)|HEAP_ALLOCATE|[41]|Bytes:19
16:49:54.2 (121701496)|VARIABLE_ASSIGNMENT|[41]|this.Type|"Routine Maintenance"|0x4b1a55c7
16:49:54.2 (121710116)|STATEMENT_EXECUTE|[42]
16:49:54.2 (121868299)|HEAP_ALLOCATE|[42]|Bytes:4
16:49:54.2 (121980330)|VARIABLE_ASSIGNMENT|[42]|this.Date_Reported__c|"2025-03-03T00:00:00.000Z"|0x4b1a55c7
16:49:54.2 (121990221)|STATEMENT_EXECUTE|[43]
16:49:54.2 (122035762)|HEAP_ALLOCATE|[43]|Bytes:8
16:49:54.2 (122081683)|DML_BEGIN|[43]|Op:Insert|Type:Case|Rows:1
16:49:54.2 (122168844)|HEAP_ALLOCATE|[EXTERNAL]|Bytes:8
16:49:54.2 (253311260)|CODE_UNIT_STARTED|[EXTERNAL]|01qNS00000WDbfF|MaintenanceRequestTrigger on Case trigger event BeforeInsert|__sfdc_trigger/MaintenanceRequestTrigger
16:49:54.2 (253414372)|HEAP_ALLOCATE|[EXTERNAL]|Bytes:8
16:49:54.2 (253667636)|HEAP_ALLOCATE|[EXTERNAL]|Bytes:6
16:49:54.2 (253709756)|HEAP_ALLOCATE|[EXTERNAL]|Bytes:4
16:49:54.2 (253723157)|VARIABLE_SCOPE_BEGIN|[1]|this|MaintenanceRequestTrigger|true|false
16:49:54.2 (253776409)|VARIABLE_ASSIGNMENT|[1]|this|{}|0x43d0cf2e
16:49:54.2 (253854740)|HEAP_ALLOCATE|[EXTERNAL]|Bytes:4
16:49:54.2 (253984913)|VARIABLE_SCOPE_BEGIN|[1]|this|MaintenanceRequestTrigger|true|false
16:49:54.2 (254007753)|VARIABLE_ASSIGNMENT|[1]|this|{}|0x43d0cf2e
16:49:54.2 (254015733)|STATEMENT_EXECUTE|[1]
16:49:54.2 (254050814)|STATEMENT_EXECUTE|[2]
16:49:54.254 (254061963)|CUMULATIVE_LIMIT_USAGE
16:49:54.254 (254061963)|LIMIT_USAGE_FOR_NS|(default)|
  Number of SOQL queries: 0 out of 100
  Number of query rows: 0 out of 50000
  Number of SOSL queries: 0 out of 20
  Number of DML statements: 5 out of 150
  Number of Publish Immediate DML: 0 out of 150
  Number of DML rows: 4 out of 10000
  Maximum CPU time: 0 out of 10000
  Maximum heap size: 0 out of 6000000
  Number of callouts: 0 out of 100
  Number of Email Invocations: 0 out of 10
  Number of future calls: 0 out of 50
  Number of queueable jobs added to the queue: 0 out of 50
  Number of Mobile Apex push calls: 0 out of 10

16:49:54.254 (254061963)|CUMULATIVE_LIMIT_USAGE_END

16:49:54.2 (254365740)|CODE_UNIT_FINISHED|MaintenanceRequestTrigger on Case trigger event BeforeInsert|__sfdc_trigger/MaintenanceRequestTrigger
16:49:54.2 (309616161)|CODE_UNIT_STARTED|[EXTERNAL]|01qNS00000WDbfF|MaintenanceRequestTrigger on Case trigger event AfterInsert|__sfdc_trigger/MaintenanceRequestTrigger
16:49:54.2 (309732764)|HEAP_ALLOCATE|[EXTERNAL]|Bytes:8
16:49:54.2 (310051780)|HEAP_ALLOCATE|[EXTERNAL]|Bytes:4
16:49:54.2 (310072890)|VARIABLE_SCOPE_BEGIN|[1]|this|MaintenanceRequestTrigger|true|false
16:49:54.2 (310136030)|VARIABLE_ASSIGNMENT|[1]|this|{}|0x23cbd0cf
16:49:54.2 (310202573)|HEAP_ALLOCATE|[EXTERNAL]|Bytes:4
16:49:54.2 (310212823)|VARIABLE_SCOPE_BEGIN|[1]|this|MaintenanceRequestTrigger|true|false
16:49:54.2 (310234573)|VARIABLE_ASSIGNMENT|[1]|this|{}|0x23cbd0cf
16:49:54.2 (310243453)|STATEMENT_EXECUTE|[1]
16:49:54.2 (310268254)|STATEMENT_EXECUTE|[2]
16:49:54.310 (310281134)|CUMULATIVE_LIMIT_USAGE
16:49:54.310 (310281134)|LIMIT_USAGE_FOR_NS|(default)|
  Number of SOQL queries: 0 out of 100
  Number of query rows: 0 out of 50000
  Number of SOSL queries: 0 out of 20
  Number of DML statements: 5 out of 150
  Number of Publish Immediate DML: 0 out of 150
  Number of DML rows: 4 out of 10000
  Maximum CPU time: 0 out of 10000
  Maximum heap size: 0 out of 6000000
  Number of callouts: 0 out of 100
  Number of Email Invocations: 0 out of 10
  Number of future calls: 0 out of 50
  Number of queueable jobs added to the queue: 0 out of 50
  Number of Mobile Apex push calls: 0 out of 10

16:49:54.310 (310281134)|CUMULATIVE_LIMIT_USAGE_END

16:49:54.2 (310592500)|CODE_UNIT_FINISHED|MaintenanceRequestTrigger on Case trigger event AfterInsert|__sfdc_trigger/MaintenanceRequestTrigger
16:49:54.2 (311780852)|CODE_UNIT_STARTED|[EXTERNAL]|Workflow:Case
16:49:54.2 (326677756)|WF_RULE_EVAL_BEGIN|Assignment
16:49:54.2 (326721066)|WF_SPOOL_ACTION_BEGIN|Assignment
16:49:54.2 (326744757)|WF_ACTION|.
16:49:54.2 (326750426)|WF_RULE_EVAL_END
16:49:54.2 (326764688)|WF_RULE_EVAL_BEGIN|Escalation
16:49:54.2 (326778408)|WF_SPOOL_ACTION_BEGIN|Escalation
16:49:54.2 (326785707)|WF_ACTION|.
16:49:54.2 (326789178)|WF_RULE_EVAL_END
16:49:54.2 (326915990)|WF_ACTIONS_END| None
16:49:54.2 (326929061)|CODE_UNIT_FINISHED|Workflow:Case
16:49:54.2 (328457760)|CODE_UNIT_STARTED|[EXTERNAL]|SLA
16:49:54.2 (333600837)|SLA_PROCESS_CASE|500NS00000fk8uE
16:49:54.2 (338841038)|SLA_END|SlaProcessController:&#124;Case:1&#124;LoadTime:6&#124;ProcTime:3&#124;CM CUD:0&#124;0&#124;0&#124;New Trigger:0
16:49:54.2 (338973320)|CODE_UNIT_FINISHED|SLA
16:49:54.2 (346303869)|DML_END|[43]
16:49:54.2 (347173156)|STATEMENT_EXECUTE|[46]
16:49:54.2 (347228727)|HEAP_ALLOCATE|[46]|Bytes:4
16:49:54.2 (347401299)|HEAP_ALLOCATE|[EXTERNAL]|Bytes:4
16:49:54.2 (347466612)|VARIABLE_ASSIGNMENT|[46]|equipmentMaintenanceItems|[]|0x2bec7fce
16:49:54.2 (347477642)|STATEMENT_EXECUTE|[47]
16:49:54.2 (347588834)|HEAP_ALLOCATE|[47]|Bytes:4
16:49:54.2 (348107444)|VARIABLE_ASSIGNMENT|[47]|this.Equipment__c|"01tNS00000CMnUbYAL"|0x172eba1
16:49:54.2 (348275377)|VARIABLE_ASSIGNMENT|[47]|this.Maintenance_Request__c|"500NS00000fk8uEYAQ"|0x172eba1
16:49:54.2 (348408540)|HEAP_ALLOCATE|[EXTERNAL]|Bytes:4
16:49:54.2 (348427580)|STATEMENT_EXECUTE|[48]
16:49:54.2 (348455810)|HEAP_ALLOCATE|[48]|Bytes:4
16:49:54.2 (348531672)|VARIABLE_ASSIGNMENT|[48]|this.Equipment__c|"01tNS00000CMnUcYAL"|0x5037a092
16:49:54.2 (348576033)|VARIABLE_ASSIGNMENT|[48]|this.Maintenance_Request__c|"500NS00000fk8uEYAQ"|0x5037a092
16:49:54.2 (348641174)|HEAP_ALLOCATE|[EXTERNAL]|Bytes:4
16:49:54.2 (348653914)|STATEMENT_EXECUTE|[49]
16:49:54.2 (348785387)|DML_BEGIN|[49]|Op:Insert|Type:Equipment_Maintenance_Item__c|Rows:2
16:49:54.2 (348876428)|HEAP_ALLOCATE|[EXTERNAL]|Bytes:12
16:49:54.2 (397465273)|DML_END|[49]
16:49:54.2 (398397401)|HEAP_ALLOCATE|[EXTERNAL]|Bytes:12
16:49:54.2 (398429171)|STATEMENT_EXECUTE|[52]
16:49:54.2 (398439070)|HEAP_ALLOCATE|[52]|Bytes:6
16:49:54.2 (398597273)|VARIABLE_ASSIGNMENT|[52]|this.Status|"Closed"|0x4b1a55c7
16:49:54.2 (398605375)|STATEMENT_EXECUTE|[53]
16:49:54.2 (398670006)|HEAP_ALLOCATE|[53]|Bytes:8
16:49:54.2 (398719807)|DML_BEGIN|[53]|Op:Update|Type:Case|Rows:1
16:49:54.2 (398793348)|HEAP_ALLOCATE|[EXTERNAL]|Bytes:8
16:49:54.2 (415619429)|CODE_UNIT_STARTED|[EXTERNAL]|01qNS00000WDZoj|MaintenanceRequest on Case trigger event BeforeUpdate|__sfdc_trigger/MaintenanceRequest
16:49:54.2 (415710700)|HEAP_ALLOCATE|[EXTERNAL]|Bytes:8
16:49:54.2 (415807681)|HEAP_ALLOCATE|[EXTERNAL]|Bytes:8
16:49:54.2 (416053317)|HEAP_ALLOCATE|[EXTERNAL]|Bytes:4
16:49:54.2 (416069797)|VARIABLE_SCOPE_BEGIN|[1]|this|MaintenanceRequest|true|false
16:49:54.2 (416191380)|VARIABLE_ASSIGNMENT|[1]|this|{}|0x41c8e48a
16:49:54.2 (416272271)|HEAP_ALLOCATE|[EXTERNAL]|Bytes:4
16:49:54.2 (416281121)|VARIABLE_SCOPE_BEGIN|[1]|this|MaintenanceRequest|true|false
16:49:54.2 (416298262)|VARIABLE_ASSIGNMENT|[1]|this|{}|0x41c8e48a
16:49:54.2 (416305642)|STATEMENT_EXECUTE|[1]
16:49:54.416 (416317162)|CUMULATIVE_LIMIT_USAGE
16:49:54.416 (416317162)|LIMIT_USAGE_FOR_NS|(default)|
  Number of SOQL queries: 0 out of 100
  Number of query rows: 0 out of 50000
  Number of SOSL queries: 0 out of 20
  Number of DML statements: 7 out of 150
  Number of Publish Immediate DML: 0 out of 150
  Number of DML rows: 7 out of 10000
  Maximum CPU time: 0 out of 10000
  Maximum heap size: 0 out of 6000000
  Number of callouts: 0 out of 100
  Number of Email Invocations: 0 out of 10
  Number of future calls: 0 out of 50
  Number of queueable jobs added to the queue: 0 out of 50
  Number of Mobile Apex push calls: 0 out of 10

16:49:54.416 (416317162)|CUMULATIVE_LIMIT_USAGE_END

16:49:54.2 (416568027)|CODE_UNIT_FINISHED|MaintenanceRequest on Case trigger event BeforeUpdate|__sfdc_trigger/MaintenanceRequest
16:49:54.2 (419633985)|CODE_UNIT_STARTED|[EXTERNAL]|01qNS00000WDbfF|MaintenanceRequestTrigger on Case trigger event BeforeUpdate|__sfdc_trigger/MaintenanceRequestTrigger
16:49:54.2 (419745387)|HEAP_ALLOCATE|[EXTERNAL]|Bytes:8
16:49:54.2 (419770556)|HEAP_ALLOCATE|[EXTERNAL]|Bytes:8
16:49:54.2 (419936861)|HEAP_ALLOCATE|[EXTERNAL]|Bytes:4
16:49:54.2 (419949461)|VARIABLE_SCOPE_BEGIN|[1]|this|MaintenanceRequestTrigger|true|false
16:49:54.2 (419992692)|VARIABLE_ASSIGNMENT|[1]|this|{}|0x40e0950d
16:49:54.2 (420030632)|HEAP_ALLOCATE|[EXTERNAL]|Bytes:4
16:49:54.2 (420039012)|VARIABLE_SCOPE_BEGIN|[1]|this|MaintenanceRequestTrigger|true|false
16:49:54.2 (420052162)|VARIABLE_ASSIGNMENT|[1]|this|{}|0x40e0950d
16:49:54.2 (420059033)|STATEMENT_EXECUTE|[1]
16:49:54.2 (420080482)|STATEMENT_EXECUTE|[2]
16:49:54.2 (420082922)|STATEMENT_EXECUTE|[3]
16:49:54.2 (420089842)|HEAP_ALLOCATE|[3]|Bytes:8
16:49:54.2 (420227346)|USER_DEBUG|[3]|DEBUG|isUpdate
16:49:54.2 (420266337)|STATEMENT_EXECUTE|[4]
16:49:54.2 (420268926)|STATEMENT_EXECUTE|[5]
16:49:54.2 (420274027)|HEAP_ALLOCATE|[5]|Bytes:8
16:49:54.2 (420317038)|USER_DEBUG|[5]|DEBUG|isbefore
16:49:54.2 (420330638)|STATEMENT_EXECUTE|[6]
16:49:54.2 (420397429)|HEAP_ALLOCATE|[6]|Bytes:4
16:49:54.2 (420515382)|VARIABLE_SCOPE_BEGIN|[6]|routineMaintenance|List<Case>|true|false
16:49:54.2 (420531522)|HEAP_ALLOCATE|[EXTERNAL]|Bytes:4
16:49:54.2 (420556562)|VARIABLE_ASSIGNMENT|[6]|routineMaintenance|[]|0x3dac1ee8
16:49:54.2 (420727386)|HEAP_ALLOCATE|[EXTERNAL]|Bytes:8
16:49:54.2 (420830097)|HEAP_ALLOCATE|[7]|Bytes:12
16:49:54.2 (421145943)|HEAP_ALLOCATE|[7]|Bytes:5
16:49:54.2 (421180074)|HEAP_ALLOCATE|[7]|Bytes:4
16:49:54.2 (421196295)|VARIABLE_SCOPE_BEGIN|[7]|m|Case|true|false
16:49:54.2 (422985029)|VARIABLE_ASSIGNMENT|[7]|m|{"Status":"Closed","LastModifiedDate":"2025-03-03T11:19:54.000Z","IsDeleted":false,"Priority":"Medium","IsClosed":false,"Subject":"Freebird","SystemModstamp":"2025-03-03T11:19:54.000Z","BusinessHoursId":"01mNS000006F4npYAC","IsStopped":false,"Vehicle__c":"a02NS00000CtBAPYA3","Type":"Routine Maintenance","CreatedById":"005NS00000IDMA1YAP","IsEscalated":false,"OwnerId":"005NS00000IDMA1YAP","CreatedDate":"2025-03-03T11:19:54.000Z","IsClosedOnCreate":false,"CaseNumber":"00001032","Id":"500NS00000fk8uEYAQ","Date_Reported__c":"2025-03-03T00:00:00.000Z","LastModifiedById":"005NS00000IDMA1YAP"}|0x33667c68
16:49:54.2 (423011849)|STATEMENT_EXECUTE|[7]
16:49:54.2 (423014849)|STATEMENT_EXECUTE|[8]
16:49:54.2 (423194283)|VARIABLE_SCOPE_BEGIN|[8]|c|Case|true|false
16:49:54.2 (423895576)|VARIABLE_ASSIGNMENT|[8]|c|{"Status":"Open","LastModifiedDate":"2025-03-03T11:19:54.000Z","IsDeleted":false,"Priority":"Medium","IsClosed":false,"Subject":"Freebird","SystemModstamp":"2025-03-03T11:19:54.000Z","BusinessHoursId":"01mNS000006F4npYAC","IsStopped":false,"Vehicle__c":"a02NS00000CtBAPYA3","Type":"Routine Maintenance","CreatedById":"005NS00000IDMA1YAP","IsEscalated":false,"OwnerId":"005NS00000IDMA1YAP","CreatedDate":"2025-03-03T11:19:54.000Z","IsClosedOnCreate":false,"CaseNumber":"00001032","Id":"500NS00000fk8uEYAQ","Date_Reported__c":"2025-03-03T00:00:00.000Z","LastModifiedById":"005NS00000IDMA1YAP"}|0x63571a5a
16:49:54.2 (423953137)|HEAP_ALLOCATE|[9]|Bytes:6
16:49:54.2 (424021908)|STATEMENT_EXECUTE|[9]
16:49:54.2 (424024717)|STATEMENT_EXECUTE|[10]
16:49:54.2 (424763712)|HEAP_ALLOCATE|[10]|Bytes:4
16:49:54.2 (424777252)|HEAP_ALLOCATE|[10]|Bytes:4
16:49:54.2 (424806532)|VARIABLE_SCOPE_BEGIN|[10]|l|Case|true|false
16:49:54.2 (425124089)|VARIABLE_ASSIGNMENT|[10]|l|{"Status":"Closed","IsDeleted":false,"Priority":"Medium","IsClosed":false,"Subject":"Freebird","SystemModstamp":"2025-03-03T11:19:54.000Z","BusinessHoursId":"01mNS000006F4npYAC","IsStopped":false,"Vehicle__c":"a02NS00000CtBAPYA3","Type":"Routine Maintenance","IsEscalated":false,"OwnerId":"005NS00000IDMA1YAP","IsClosedOnCreate":false,"Date_Reported__c":"2025-03-03T00:00:00.000Z"}|0xe8ba32a
16:49:54.2 (425136570)|STATEMENT_EXECUTE|[11]
16:49:54.2 (425493716)|VARIABLE_ASSIGNMENT|[11]|this.Type|"Routine Maintenance"|0xe8ba32a
16:49:54.2 (425502476)|STATEMENT_EXECUTE|[12]
16:49:54.2 (425552857)|HEAP_ALLOCATE|[EXTERNAL]|Bytes:4
16:49:54.2 (425587368)|HEAP_ALLOCATE|[7]|Bytes:5
16:49:54.2 (425607027)|VARIABLE_ASSIGNMENT|[7]|m|null|
16:49:54.2 (425612939)|STATEMENT_EXECUTE|[15]
16:49:54.2 (425617539)|HEAP_ALLOCATE|[15]|Bytes:18
16:49:54.2 (425680060)|USER_DEBUG|[15]|DEBUG|routineMaintenance
16:49:54.2 (425690040)|STATEMENT_EXECUTE|[16]
16:49:54.2 (425829573)|DML_BEGIN|[16]|Op:Insert|Type:Case|Rows:1
16:49:54.2 (425938185)|HEAP_ALLOCATE|[EXTERNAL]|Bytes:8
16:49:54.2 (433676661)|CODE_UNIT_STARTED|[EXTERNAL]|01qNS00000WDbfF|MaintenanceRequestTrigger on Case trigger event BeforeInsert|__sfdc_trigger/MaintenanceRequestTrigger
16:49:54.2 (433787943)|HEAP_ALLOCATE|[EXTERNAL]|Bytes:8
16:49:54.2 (433941167)|HEAP_ALLOCATE|[EXTERNAL]|Bytes:4
16:49:54.2 (433969288)|VARIABLE_SCOPE_BEGIN|[1]|this|MaintenanceRequestTrigger|true|false
16:49:54.2 (434029859)|VARIABLE_ASSIGNMENT|[1]|this|{}|0x4e6bda80
16:49:54.2 (434100490)|HEAP_ALLOCATE|[EXTERNAL]|Bytes:4
16:49:54.2 (434110940)|VARIABLE_SCOPE_BEGIN|[1]|this|MaintenanceRequestTrigger|true|false
16:49:54.2 (434134841)|VARIABLE_ASSIGNMENT|[1]|this|{}|0x4e6bda80
16:49:54.2 (434144741)|STATEMENT_EXECUTE|[1]
16:49:54.2 (434169571)|STATEMENT_EXECUTE|[2]
16:49:54.434 (434183111)|CUMULATIVE_LIMIT_USAGE
16:49:54.434 (434183111)|LIMIT_USAGE_FOR_NS|(default)|
  Number of SOQL queries: 0 out of 100
  Number of query rows: 0 out of 50000
  Number of SOSL queries: 0 out of 20
  Number of DML statements: 8 out of 150
  Number of Publish Immediate DML: 0 out of 150
  Number of DML rows: 8 out of 10000
  Maximum CPU time: 0 out of 10000
  Maximum heap size: 0 out of 6000000
  Number of callouts: 0 out of 100
  Number of Email Invocations: 0 out of 10
  Number of future calls: 0 out of 50
  Number of queueable jobs added to the queue: 0 out of 50
  Number of Mobile Apex push calls: 0 out of 10

16:49:54.434 (434183111)|CUMULATIVE_LIMIT_USAGE_END

16:49:54.2 (434525068)|CODE_UNIT_FINISHED|MaintenanceRequestTrigger on Case trigger event BeforeInsert|__sfdc_trigger/MaintenanceRequestTrigger
16:49:54.2 (463813914)|CODE_UNIT_STARTED|[EXTERNAL]|01qNS00000WDbfF|MaintenanceRequestTrigger on Case trigger event AfterInsert|__sfdc_trigger/MaintenanceRequestTrigger
16:49:54.2 (463934997)|HEAP_ALLOCATE|[EXTERNAL]|Bytes:8
16:49:54.2 (464289884)|HEAP_ALLOCATE|[EXTERNAL]|Bytes:4
16:49:54.2 (464313705)|VARIABLE_SCOPE_BEGIN|[1]|this|MaintenanceRequestTrigger|true|false
16:49:54.2 (464378186)|VARIABLE_ASSIGNMENT|[1]|this|{}|0x6c8e4849
16:49:54.2 (464447948)|HEAP_ALLOCATE|[EXTERNAL]|Bytes:4
16:49:54.2 (464460927)|VARIABLE_SCOPE_BEGIN|[1]|this|MaintenanceRequestTrigger|true|false
16:49:54.2 (464489578)|VARIABLE_ASSIGNMENT|[1]|this|{}|0x6c8e4849
16:49:54.2 (464501219)|STATEMENT_EXECUTE|[1]
16:49:54.2 (464527528)|STATEMENT_EXECUTE|[2]
16:49:54.464 (464542349)|CUMULATIVE_LIMIT_USAGE
16:49:54.464 (464542349)|LIMIT_USAGE_FOR_NS|(default)|
  Number of SOQL queries: 0 out of 100
  Number of query rows: 0 out of 50000
  Number of SOSL queries: 0 out of 20
  Number of DML statements: 8 out of 150
  Number of Publish Immediate DML: 0 out of 150
  Number of DML rows: 8 out of 10000
  Maximum CPU time: 0 out of 10000
  Maximum heap size: 0 out of 6000000
  Number of callouts: 0 out of 100
  Number of Email Invocations: 0 out of 10
  Number of future calls: 0 out of 50
  Number of queueable jobs added to the queue: 0 out of 50
  Number of Mobile Apex push calls: 0 out of 10

16:49:54.464 (464542349)|CUMULATIVE_LIMIT_USAGE_END

16:49:54.2 (464918707)|CODE_UNIT_FINISHED|MaintenanceRequestTrigger on Case trigger event AfterInsert|__sfdc_trigger/MaintenanceRequestTrigger
16:49:54.2 (465130601)|CODE_UNIT_STARTED|[EXTERNAL]|Workflow:Case
16:49:54.2 (472847726)|WF_RULE_EVAL_BEGIN|Assignment
16:49:54.2 (472919239)|WF_SPOOL_ACTION_BEGIN|Assignment
16:49:54.2 (472952629)|WF_ACTION|.
16:49:54.2 (472962059)|WF_RULE_EVAL_END
16:49:54.2 (472983020)|WF_RULE_EVAL_BEGIN|Escalation
16:49:54.2 (473004580)|WF_SPOOL_ACTION_BEGIN|Escalation
16:49:54.2 (473020841)|WF_ACTION|.
16:49:54.2 (473026690)|WF_RULE_EVAL_END
16:49:54.2 (473204173)|WF_ACTIONS_END| None
16:49:54.2 (473223244)|CODE_UNIT_FINISHED|Workflow:Case
16:49:54.2 (473694913)|CODE_UNIT_STARTED|[EXTERNAL]|SLA
16:49:54.2 (477528877)|SLA_PROCESS_CASE|500NS00000fk8uH
16:49:54.2 (484841686)|SLA_END|SlaProcessController:&#124;Case:1&#124;LoadTime:3&#124;ProcTime:4&#124;CM CUD:0&#124;0&#124;0&#124;New Trigger:0
16:49:54.2 (484968618)|CODE_UNIT_FINISHED|SLA
16:49:54.2 (489839041)|DML_END|[16]
16:49:54.2 (490793499)|HEAP_ALLOCATE|[EXTERNAL]|Bytes:8
16:49:54.490 (490845930)|CUMULATIVE_LIMIT_USAGE
16:49:54.490 (490845930)|LIMIT_USAGE_FOR_NS|(default)|
  Number of SOQL queries: 0 out of 100
  Number of query rows: 0 out of 50000
  Number of SOSL queries: 0 out of 20
  Number of DML statements: 8 out of 150
  Number of Publish Immediate DML: 0 out of 150
  Number of DML rows: 8 out of 10000
  Maximum CPU time: 0 out of 10000
  Maximum heap size: 0 out of 6000000
  Number of callouts: 0 out of 100
  Number of Email Invocations: 0 out of 10
  Number of future calls: 0 out of 50
  Number of queueable jobs added to the queue: 0 out of 50
  Number of Mobile Apex push calls: 0 out of 10

16:49:54.490 (490845930)|CUMULATIVE_LIMIT_USAGE_END

16:49:54.2 (491183416)|CODE_UNIT_FINISHED|MaintenanceRequestTrigger on Case trigger event BeforeUpdate|__sfdc_trigger/MaintenanceRequestTrigger
16:49:54.2 (518055018)|CODE_UNIT_STARTED|[EXTERNAL]|01qNS00000WDZoj|MaintenanceRequest on Case trigger event AfterUpdate|__sfdc_trigger/MaintenanceRequest
16:49:54.2 (518167520)|HEAP_ALLOCATE|[EXTERNAL]|Bytes:8
16:49:54.2 (518272591)|HEAP_ALLOCATE|[EXTERNAL]|Bytes:8
16:49:54.2 (518495166)|HEAP_ALLOCATE|[EXTERNAL]|Bytes:4
16:49:54.2 (518512766)|VARIABLE_SCOPE_BEGIN|[1]|this|MaintenanceRequest|true|false
16:49:54.2 (518573437)|VARIABLE_ASSIGNMENT|[1]|this|{}|0x7e905630
16:49:54.2 (518624837)|HEAP_ALLOCATE|[EXTERNAL]|Bytes:4
16:49:54.2 (518634289)|VARIABLE_SCOPE_BEGIN|[1]|this|MaintenanceRequest|true|false
16:49:54.2 (518651889)|VARIABLE_ASSIGNMENT|[1]|this|{}|0x7e905630
16:49:54.2 (518660909)|STATEMENT_EXECUTE|[1]
16:49:54.518 (518673419)|CUMULATIVE_LIMIT_USAGE
16:49:54.518 (518673419)|LIMIT_USAGE_FOR_NS|(default)|
  Number of SOQL queries: 0 out of 100
  Number of query rows: 0 out of 50000
  Number of SOSL queries: 0 out of 20
  Number of DML statements: 8 out of 150
  Number of Publish Immediate DML: 0 out of 150
  Number of DML rows: 8 out of 10000
  Maximum CPU time: 0 out of 10000
  Maximum heap size: 0 out of 6000000
  Number of callouts: 0 out of 100
  Number of Email Invocations: 0 out of 10
  Number of future calls: 0 out of 50
  Number of queueable jobs added to the queue: 0 out of 50
  Number of Mobile Apex push calls: 0 out of 10

16:49:54.518 (518673419)|CUMULATIVE_LIMIT_USAGE_END

16:49:54.2 (518974735)|CODE_UNIT_FINISHED|MaintenanceRequest on Case trigger event AfterUpdate|__sfdc_trigger/MaintenanceRequest
16:49:54.2 (520149088)|CODE_UNIT_STARTED|[EXTERNAL]|Workflow:Case
16:49:54.2 (529173958)|WF_RULE_EVAL_BEGIN|Assignment
16:49:54.2 (529230900)|WF_SPOOL_ACTION_BEGIN|Assignment
16:49:54.2 (529264511)|WF_ACTION|.
16:49:54.2 (529272640)|WF_RULE_EVAL_END
16:49:54.2 (529290031)|WF_RULE_EVAL_BEGIN|Escalation
16:49:54.2 (529310872)|WF_SPOOL_ACTION_BEGIN|Escalation
16:49:54.2 (529322112)|WF_ACTION|.
16:49:54.2 (529327601)|WF_RULE_EVAL_END
16:49:54.2 (529523816)|WF_ACTIONS_END| None
16:49:54.2 (529544496)|CODE_UNIT_FINISHED|Workflow:Case
16:49:54.2 (531223148)|CODE_UNIT_STARTED|[EXTERNAL]|SLA
16:49:54.2 (536053220)|SLA_PROCESS_CASE|500NS00000fk8uE
16:49:54.2 (548750522)|SLA_END|SlaProcessController:&#124;Case:1&#124;LoadTime:5&#124;ProcTime:12&#124;CM CUD:0&#124;0&#124;0&#124;New Trigger:0
16:49:54.2 (548859324)|CODE_UNIT_FINISHED|SLA
16:49:54.2 (555245185)|DML_END|[53]
16:49:54.2 (556087451)|STATEMENT_EXECUTE|[56]
16:49:54.2 (556100611)|HEAP_ALLOCATE|[56]|Bytes:76
16:49:54.2 (556190072)|HEAP_ALLOCATE|[56]|Bytes:4
16:49:54.2 (556211232)|HEAP_ALLOCATE|[56]|Bytes:7
16:49:54.2 (556817585)|SOQL_EXECUTE_BEGIN|[56]|Aggregations:0|SELECT COUNT() FROM Case WHERE (Status = 'Closed' AND Vehicle__c = :tmpVar1)
16:49:54.2 (574463771)|SOQL_EXECUTE_END|[56]|Rows:2
16:49:54.2 (574552302)|HEAP_ALLOCATE|[56]|Bytes:4
16:49:54.2 (574595834)|HEAP_ALLOCATE|[56]|Bytes:4
16:49:54.2 (574649295)|VARIABLE_ASSIGNMENT|[56]|totalClosedCount|2
16:49:54.2 (574656765)|STATEMENT_EXECUTE|[57]
16:49:54.2 (574664765)|HEAP_ALLOCATE|[57]|Bytes:110
16:49:54.2 (574689504)|HEAP_ALLOCATE|[57]|Bytes:4
16:49:54.2 (575202874)|SOQL_EXECUTE_BEGIN|[57]|Aggregations:0|SELECT COUNT() FROM Case WHERE (Type = 'Routine Maintenance' AND Status != 'Closed' AND Vehicle__c = :tmpVar1)
16:49:54.2 (585089873)|SOQL_EXECUTE_END|[57]|Rows:0
16:49:54.2 (585177395)|HEAP_ALLOCATE|[57]|Bytes:4
16:49:54.2 (585211436)|HEAP_ALLOCATE|[57]|Bytes:4
16:49:54.2 (585255516)|VARIABLE_ASSIGNMENT|[57]|totalOpenCount|0
16:49:54.2 (585261517)|STATEMENT_EXECUTE|[60]
16:49:54.2 (585462040)|SAVEPOINT_ROLLBACK|[60]|SavepointValue0
16:49:54.2 (588054879)|STATEMENT_EXECUTE|[62]
16:49:54.2 (588249864)|EXCEPTION_THROWN|[62]|System.AssertException: Assertion Failed: Expected: 1, Actual: 2
16:49:54.2 (588415267)|HEAP_ALLOCATE|[62]|Bytes:44
16:49:54.2 (588520039)|FATAL_ERROR|System.AssertException: Assertion Failed: Expected: 1, Actual: 2

AnonymousBlock: line 62, column 1
16:49:54.588 (588564560)|CUMULATIVE_LIMIT_USAGE
16:49:54.588 (588564560)|LIMIT_USAGE_FOR_NS|(default)|
  Number of SOQL queries: 2 out of 100
  Number of query rows: 2 out of 50000
  Number of SOSL queries: 0 out of 20
  Number of DML statements: 9 out of 150
  Number of Publish Immediate DML: 0 out of 150
  Number of DML rows: 8 out of 10000
  Maximum CPU time: 0 out of 10000
  Maximum heap size: 0 out of 6000000
  Number of callouts: 0 out of 100
  Number of Email Invocations: 0 out of 10
  Number of future calls: 0 out of 50
  Number of queueable jobs added to the queue: 0 out of 50
  Number of Mobile Apex push calls: 0 out of 10

16:49:54.588 (588564560)|CUMULATIVE_LIMIT_USAGE_END

16:49:54.2 (588662181)|CODE_UNIT_FINISHED|execute_anonymous_apex
16:49:54.2 (588675202)|EXECUTION_FINISHED
