49.0 APEX_CODE,FINEST;APEX_PROFILING,INFO;CALLOUT,INFO;DATA_ACCESS,INFO;DB,INFO;NBA,INFO;SYSTEM,DEBUG;VALIDATION,INFO;VISUALFORCE,INFO;WAVE,INFO;WORKFLOW,INFO
Execute Anonymous: // Creates the savepoint
Execute Anonymous: Savepoint startPoint = Database.setSavepoint();
Execute Anonymous: 
Execute Anonymous: // Creates sample records:
Execute Anonymous: Account parentAccount = new Account(Name = 'TestAccount');
Execute Anonymous: insert parentAccount;
Execute Anonymous: Contact childContact = new Contact(LastName = 'ChildContact', AccountId = parentAccount.Id);
Execute Anonymous: insert childContact;
Execute Anonymous: 
Execute Anonymous: Account acctWithContacts = [SELECT Id, (SELECT Id FROM Contacts) FROM Account WHERE Id = :parentAccount.Id]; 
Execute Anonymous: System.assert(acctWithContacts.contacts.size() > 0, 'Query for acctWithContacts returned no contacts');
Execute Anonymous: 
Execute Anonymous: RestRequest req = new RestRequest(); 
Execute Anonymous: req.requestUri = '/services/apexrest/Accounts/' + acctWithContacts.Id + '/contacts'; 
Execute Anonymous: req.httpMethod = 'GET'; 
Execute Anonymous: RestContext.request = req; 
Execute Anonymous: Account accountFromRestCall = AccountManager.getAccount(); 
Execute Anonymous: Map<Id, Contact> contacts = new Map<Id, Contact>([SELECT Id FROM Contact WHERE accountId = :acctWithContacts.Id]); 
Execute Anonymous: System.assert(contacts.containsKey(accountFromRestCall.contacts[0].Id), 'accountFromRestCall does not return contacts.'); 
Execute Anonymous: 
Execute Anonymous: // clean up, rolling back the savepoint.
Execute Anonymous: Database.rollback(startPoint);
15:14:17.2 (2088834)|USER_INFO|[EXTERNAL]|005dM000009BlmP|yogeshsayant@empathetic-koala-tumi4i.com|(GMT+05:30) India Standard Time (Asia/Kolkata)|GMT+05:30
15:14:17.2 (2114934)|EXECUTION_STARTED
15:14:17.2 (2128685)|CODE_UNIT_STARTED|[EXTERNAL]|execute_anonymous_apex
15:14:17.2 (2335369)|VARIABLE_SCOPE_BEGIN|[17]|accountFromRestCall|Account|true|false
15:14:17.2 (2346249)|VARIABLE_SCOPE_BEGIN|[10]|acctWithContacts|Account|true|false
15:14:17.2 (2378160)|VARIABLE_SCOPE_BEGIN|[7]|childContact|Contact|true|false
15:14:17.2 (2427660)|VARIABLE_SCOPE_BEGIN|[18]|contacts|Map<Id,Contact>|true|false
15:14:17.2 (2434511)|VARIABLE_SCOPE_BEGIN|[5]|parentAccount|Account|true|false
15:14:17.2 (2492933)|VARIABLE_SCOPE_BEGIN|[13]|req|System.RestRequest|true|false
15:14:17.2 (2504613)|VARIABLE_SCOPE_BEGIN|[2]|startPoint|System.Savepoint|true|false
15:14:17.2 (2634406)|HEAP_ALLOCATE|[93]|Bytes:3
15:14:17.2 (2676945)|HEAP_ALLOCATE|[98]|Bytes:152
15:14:17.2 (2693257)|HEAP_ALLOCATE|[415]|Bytes:408
15:14:17.2 (2704687)|HEAP_ALLOCATE|[428]|Bytes:408
15:14:17.2 (2715517)|HEAP_ALLOCATE|[536]|Bytes:48
15:14:17.2 (2736898)|HEAP_ALLOCATE|[247]|Bytes:6
15:14:17.2 (2760038)|HEAP_ALLOCATE|[EXTERNAL]|Bytes:39
15:14:17.2 (2971063)|STATEMENT_EXECUTE|[1]
15:14:17.2 (2973343)|STATEMENT_EXECUTE|[2]
15:14:17.2 (2995023)|HEAP_ALLOCATE|[68]|Bytes:5
15:14:17.2 (3022824)|HEAP_ALLOCATE|[74]|Bytes:5
15:14:17.2 (3031974)|HEAP_ALLOCATE|[82]|Bytes:7
15:14:17.2 (3596016)|SAVEPOINT_SET|[2]|SavepointValue0
15:14:17.2 (3624046)|HEAP_ALLOCATE|[2]|Bytes:16
15:14:17.2 (3862282)|VARIABLE_ASSIGNMENT|[2]|startPoint|"common.apex.runtime.impl.ApexUserSavepoint@5d953e6e"|0x5d953e6e
15:14:17.2 (3874672)|STATEMENT_EXECUTE|[5]
15:14:17.2 (3932403)|HEAP_ALLOCATE|[5]|Bytes:4
15:14:17.2 (4020405)|HEAP_ALLOCATE|[5]|Bytes:11
15:14:17.2 (4147897)|VARIABLE_ASSIGNMENT|[5]|this.Name|"TestAccount"|0x7b8eb5af
15:14:17.2 (4194669)|VARIABLE_ASSIGNMENT|[5]|parentAccount|{"Name":"TestAccount"}|0x7b8eb5af
15:14:17.2 (4200498)|STATEMENT_EXECUTE|[6]
15:14:17.2 (4233938)|HEAP_ALLOCATE|[6]|Bytes:8
15:14:17.2 (4255779)|DML_BEGIN|[6]|Op:Insert|Type:Account|Rows:1
15:14:17.2 (4291820)|HEAP_ALLOCATE|[EXTERNAL]|Bytes:8
15:14:17.2 (71136848)|DML_END|[6]
15:14:17.2 (71626418)|STATEMENT_EXECUTE|[7]
15:14:17.2 (71672568)|HEAP_ALLOCATE|[7]|Bytes:4
15:14:17.2 (71820051)|HEAP_ALLOCATE|[7]|Bytes:12
15:14:17.2 (71975085)|VARIABLE_ASSIGNMENT|[7]|this.LastName|"ChildContact"|0x7d76591
15:14:17.2 (72262632)|VARIABLE_ASSIGNMENT|[7]|this.AccountId|"001dM00002Mq4hmQAB"|0x7d76591
15:14:17.2 (72345293)|VARIABLE_ASSIGNMENT|[7]|childContact|{"LastName":"ChildContact","AccountId":"001dM00002Mq4hmQAB"}|0x7d76591
15:14:17.2 (72353713)|STATEMENT_EXECUTE|[8]
15:14:17.2 (72396854)|HEAP_ALLOCATE|[8]|Bytes:8
15:14:17.2 (72433304)|DML_BEGIN|[8]|Op:Insert|Type:Contact|Rows:1
15:14:17.2 (72489116)|HEAP_ALLOCATE|[EXTERNAL]|Bytes:8
15:14:17.2 (124801864)|DML_END|[8]
15:14:17.2 (125247703)|STATEMENT_EXECUTE|[10]
15:14:17.2 (125261834)|HEAP_ALLOCATE|[10]|Bytes:69
15:14:17.2 (125318464)|HEAP_ALLOCATE|[10]|Bytes:4
15:14:17.2 (125337336)|HEAP_ALLOCATE|[10]|Bytes:7
15:14:17.2 (126411679)|SOQL_EXECUTE_BEGIN|[10]|Aggregations:1|SELECT Id, (SELECT Id FROM Contacts) FROM Account WHERE Id = :tmpVar1
15:14:17.2 (144544243)|SOQL_EXECUTE_END|[10]|Rows:1
15:14:17.2 (144624674)|HEAP_ALLOCATE|[10]|Bytes:8
15:14:17.2 (144691446)|HEAP_ALLOCATE|[10]|Bytes:101
15:14:17.2 (144962992)|HEAP_ALLOCATE|[10]|Bytes:8
15:14:17.2 (145008703)|HEAP_ALLOCATE|[10]|Bytes:33
15:14:17.2 (145110004)|HEAP_ALLOCATE|[10]|Bytes:12
15:14:17.2 (145183686)|VARIABLE_ASSIGNMENT|[10]|acctWithContacts|{"Id":"001dM00002Mq4hmQAB","Contacts":[{"AccountId":"001dM00002Mq4hmQAB","Id":"003dM00000GqTJGQA3"}]}|0x2eace251
15:14:17.2 (145196097)|STATEMENT_EXECUTE|[11]
15:14:17.2 (145205997)|HEAP_ALLOCATE|[11]|Bytes:8
15:14:17.2 (145213098)|HEAP_ALLOCATE|[11]|Bytes:7
15:14:17.2 (145290839)|HEAP_ALLOCATE|[EXTERNAL]|Bytes:8
15:14:17.2 (145334980)|HEAP_ALLOCATE|[11]|Bytes:8
15:14:17.2 (145447003)|HEAP_ALLOCATE|[11]|Bytes:47
15:14:17.2 (145505674)|STATEMENT_EXECUTE|[13]
15:14:17.2 (145516954)|HEAP_ALLOCATE|[13]|Bytes:252
15:14:17.2 (145529533)|HEAP_ALLOCATE|[13]|Bytes:25
15:14:17.2 (145565725)|SYSTEM_METHOD_ENTRY|[1]|RestRequest.RestRequest()
15:14:17.2 (145572734)|STATEMENT_EXECUTE|[1]
15:14:17.2 (145587596)|SYSTEM_METHOD_EXIT|[1]|RestRequest
15:14:17.2 (145601636)|HEAP_ALLOCATE|[13]|Bytes:32
15:14:17.2 (145665827)|SYSTEM_MODE_ENTER|false
15:14:17.2 (145700118)|HEAP_ALLOCATE|[13]|Bytes:5
15:14:17.2 (148189801)|SYSTEM_MODE_EXIT|false
15:14:17.2 (148290592)|VARIABLE_ASSIGNMENT|[13]|req|{"headers":"0x20066afb","params":"0x1b6820d9"}|0x2bce03f
15:14:17.2 (148301303)|STATEMENT_EXECUTE|[14]
15:14:17.2 (148306543)|HEAP_ALLOCATE|[14]|Bytes:28
15:14:17.2 (148411994)|HEAP_ALLOCATE|[14]|Bytes:18
15:14:17.2 (148436286)|HEAP_ALLOCATE|[14]|Bytes:9
15:14:17.2 (148451915)|HEAP_ALLOCATE|[14]|Bytes:55
15:14:17.2 (148499177)|SYSTEM_MODE_ENTER|false
15:14:17.2 (148516677)|HEAP_ALLOCATE|[14]|Bytes:5
15:14:17.2 (148563929)|SYSTEM_MODE_EXIT|false
15:14:17.2 (148574798)|STATEMENT_EXECUTE|[15]
15:14:17.2 (148579809)|HEAP_ALLOCATE|[15]|Bytes:3
15:14:17.2 (148607730)|SYSTEM_MODE_ENTER|false
15:14:17.2 (148631399)|HEAP_ALLOCATE|[15]|Bytes:5
15:14:17.2 (148680391)|SYSTEM_MODE_EXIT|false
15:14:17.2 (148691451)|STATEMENT_EXECUTE|[16]
15:14:17.2 (148718422)|SYSTEM_MODE_ENTER|false
15:14:17.2 (148728681)|HEAP_ALLOCATE|[16]|Bytes:5
15:14:17.2 (148790762)|VARIABLE_SCOPE_BEGIN|[3]|System.RestContext.request|System.RestRequest|true|true
15:14:17.2 (148801563)|VARIABLE_SCOPE_BEGIN|[4]|System.RestContext.response|System.RestResponse|true|true
15:14:17.2 (148818734)|HEAP_ALLOCATE|[16]|Bytes:112
15:14:17.2 (148826944)|HEAP_ALLOCATE|[16]|Bytes:5
15:14:17.2 (148860905)|SYSTEM_METHOD_ENTRY|[1]|RestContext.RestContext()
15:14:17.2 (148867444)|STATEMENT_EXECUTE|[1]
15:14:17.2 (148876764)|SYSTEM_METHOD_EXIT|[1]|RestContext
15:14:17.2 (148979697)|SYSTEM_MODE_EXIT|false
15:14:17.2 (148992767)|STATEMENT_EXECUTE|[17]
15:14:17.2 (149066608)|SYSTEM_MODE_ENTER|false
15:14:17.2 (149081720)|HEAP_ALLOCATE|[17]|Bytes:5
15:14:17.2 (163701829)|HEAP_ALLOCATE|[17]|Bytes:1
15:14:17.2 (163770740)|METHOD_ENTRY|[2]|01pdM00000CWQZx|AccountManager.AccountManager()
15:14:17.2 (163785520)|STATEMENT_EXECUTE|[2]
15:14:17.2 (163794871)|STATEMENT_EXECUTE|[2]
15:14:17.2 (163807080)|METHOD_EXIT|[2]|AccountManager
15:14:17.2 (163861761)|METHOD_ENTRY|[17]|01pdM00000CWQZx|AccountManager.getAccount()
15:14:17.2 (163912033)|STATEMENT_EXECUTE|[4]
15:14:17.2 (163915173)|STATEMENT_EXECUTE|[5]
15:14:17.2 (163991164)|VARIABLE_SCOPE_BEGIN|[5]|request|System.RestRequest|true|false
15:14:17.2 (164079437)|VARIABLE_ASSIGNMENT|[5]|request|{"headers":"0x20066afb","httpMethod":"GET","params":"0x1b6820d9","requestURI":"/services/apexrest/A (35 more) ..."}|0x2bce03f
15:14:17.2 (164091417)|STATEMENT_EXECUTE|[7]
15:14:17.2 (164179179)|HEAP_ALLOCATE|[8]|Bytes:1
15:14:17.2 (164271481)|HEAP_ALLOCATE|[7]|Bytes:8
15:14:17.2 (164291441)|VARIABLE_SCOPE_BEGIN|[7]|accId|String|false|false
15:14:17.2 (164307971)|VARIABLE_ASSIGNMENT|[7]|accId|"contacts"
15:14:17.2 (164313962)|STATEMENT_EXECUTE|[9]
15:14:17.2 (164318811)|HEAP_ALLOCATE|[9]|Bytes:48
15:14:17.2 (164346023)|HEAP_ALLOCATE|[9]|Bytes:4
15:14:17.2 (165244231)|SOQL_EXECUTE_BEGIN|[9]|Aggregations:0|SELECT ID, Name FROM Account WHERE Id = :tmpVar1
15:14:17.2 (173814163)|SOQL_EXECUTE_END|[9]|Rows:0
15:14:17.2 (173866284)|HEAP_ALLOCATE|[9]|Bytes:4
15:14:17.2 (173907485)|HEAP_ALLOCATE|[9]|Bytes:0
15:14:17.2 (173967926)|HEAP_ALLOCATE|[9]|Bytes:4
15:14:17.2 (174128480)|HEAP_ALLOCATE|[9]|Bytes:46
15:14:17.2 (174165910)|METHOD_EXIT|[17]|01pdM00000CWQZx|AccountManager.getAccount()
15:14:17.2 (174186731)|SYSTEM_MODE_EXIT|false
15:14:17.2 (174390144)|FATAL_ERROR|System.QueryException: List has no rows for assignment to SObject

Class.AccountManager.getAccount: line 9, column 1
AnonymousBlock: line 17, column 1
AnonymousBlock: line 17, column 1
15:14:17.174 (174505278)|CUMULATIVE_LIMIT_USAGE
15:14:17.174 (174505278)|LIMIT_USAGE_FOR_NS|(default)|
  Number of SOQL queries: 2 out of 100
  Number of query rows: 2 out of 50000
  Number of SOSL queries: 0 out of 20
  Number of DML statements: 3 out of 150
  Number of Publish Immediate DML: 0 out of 150
  Number of DML rows: 2 out of 10000
  Maximum CPU time: 0 out of 10000
  Maximum heap size: 0 out of 6000000
  Number of callouts: 0 out of 100
  Number of Email Invocations: 0 out of 10
  Number of future calls: 0 out of 50
  Number of queueable jobs added to the queue: 0 out of 50
  Number of Mobile Apex push calls: 0 out of 10

15:14:17.174 (174505278)|CUMULATIVE_LIMIT_USAGE_END

15:14:17.2 (174608380)|CODE_UNIT_FINISHED|execute_anonymous_apex
15:14:17.2 (174620760)|EXECUTION_FINISHED
